TN:
SF:src\App.tsx
FN:175,App
FN:186,(anonymous_18)
FN:190,(anonymous_19)
FN:190,(anonymous_20)
FN:195,(anonymous_21)
FN:199,(anonymous_22)
FN:228,(anonymous_23)
FN:257,(anonymous_24)
FN:263,(anonymous_25)
FN:267,(anonymous_26)
FN:271,(anonymous_27)
FNF:11
FNH:0
FNDA:0,App
FNDA:0,(anonymous_18)
FNDA:0,(anonymous_19)
FNDA:0,(anonymous_20)
FNDA:0,(anonymous_21)
FNDA:0,(anonymous_22)
FNDA:0,(anonymous_23)
FNDA:0,(anonymous_24)
FNDA:0,(anonymous_25)
FNDA:0,(anonymous_26)
FNDA:0,(anonymous_27)
DA:1,0
DA:2,0
DA:3,0
DA:4,0
DA:5,0
DA:6,0
DA:7,0
DA:8,0
DA:9,0
DA:10,0
DA:11,0
DA:12,0
DA:13,0
DA:14,0
DA:18,0
DA:41,0
DA:66,0
DA:77,0
DA:112,0
DA:122,0
DA:140,0
DA:167,0
DA:176,0
DA:177,0
DA:178,0
DA:179,0
DA:180,0
DA:181,0
DA:182,0
DA:183,0
DA:186,0
DA:187,0
DA:190,0
DA:191,0
DA:192,0
DA:195,0
DA:196,0
DA:199,0
DA:200,0
DA:202,0
DA:203,0
DA:206,0
DA:209,0
DA:210,0
DA:213,0
DA:228,0
DA:229,0
DA:231,0
DA:232,0
DA:233,0
DA:236,0
DA:239,0
DA:240,0
DA:243,0
DA:257,0
DA:258,0
DA:259,0
DA:260,0
DA:263,0
DA:264,0
DA:267,0
DA:268,0
DA:271,0
DA:273,0
DA:393,0
LF:65
LH:0
BRDA:202,0,0,0
BRDA:202,0,1,0
BRDA:209,1,0,0
BRDA:209,1,1,0
BRDA:231,2,0,0
BRDA:231,2,1,0
BRDA:231,3,0,0
BRDA:231,3,1,0
BRDA:239,4,0,0
BRDA:239,4,1,0
BRDA:289,5,0,0
BRDA:289,5,1,0
BRDA:296,6,0,0
BRDA:296,6,1,0
BRDA:297,7,0,0
BRDA:297,7,1,0
BRDA:303,8,0,0
BRDA:303,8,1,0
BRDA:309,9,0,0
BRDA:309,9,1,0
BRDA:310,10,0,0
BRDA:310,10,1,0
BRDA:326,11,0,0
BRDA:326,11,1,0
BRDA:328,12,0,0
BRDA:328,12,1,0
BRDA:376,13,0,0
BRDA:376,13,1,0
BRF:28
BRH:0
end_of_record
TN:
SF:src\components\History\History.tsx
FN:87,(anonymous_1)
FN:91,(anonymous_2)
FN:112,(anonymous_3)
FN:169,(anonymous_4)
FN:173,(anonymous_5)
FN:174,(anonymous_6)
FN:184,(anonymous_7)
FN:185,(anonymous_8)
FN:257,(anonymous_9)
FN:269,(anonymous_10)
FN:274,(anonymous_11)
FN:281,(anonymous_12)
FN:288,(anonymous_13)
FN:303,(anonymous_14)
FN:318,(anonymous_15)
FN:319,(anonymous_16)
FN:326,(anonymous_17)
FN:346,(anonymous_18)
FN:364,(anonymous_19)
FN:434,(anonymous_20)
FN:435,(anonymous_21)
FNF:21
FNH:0
FNDA:0,(anonymous_1)
FNDA:0,(anonymous_2)
FNDA:0,(anonymous_3)
FNDA:0,(anonymous_4)
FNDA:0,(anonymous_5)
FNDA:0,(anonymous_6)
FNDA:0,(anonymous_7)
FNDA:0,(anonymous_8)
FNDA:0,(anonymous_9)
FNDA:0,(anonymous_10)
FNDA:0,(anonymous_11)
FNDA:0,(anonymous_12)
FNDA:0,(anonymous_13)
FNDA:0,(anonymous_14)
FNDA:0,(anonymous_15)
FNDA:0,(anonymous_16)
FNDA:0,(anonymous_17)
FNDA:0,(anonymous_18)
FNDA:0,(anonymous_19)
FNDA:0,(anonymous_20)
FNDA:0,(anonymous_21)
DA:1,0
DA:2,0
DA:3,0
DA:4,0
DA:6,0
DA:7,0
DA:16,0
DA:23,0
DA:36,0
DA:40,0
DA:60,0
DA:84,0
DA:87,0
DA:91,0
DA:112,0
DA:120,0
DA:127,0
DA:135,0
DA:140,0
DA:145,0
DA:155,0
DA:162,0
DA:166,0
DA:169,0
DA:173,0
DA:174,0
DA:182,0
DA:184,0
DA:185,0
DA:196,0
DA:220,0
DA:233,0
DA:238,0
DA:245,0
DA:255,0
DA:257,0
DA:262,0
DA:263,0
DA:264,0
DA:265,0
DA:266,0
DA:269,0
DA:270,0
DA:274,0
DA:275,0
DA:276,0
DA:278,0
DA:281,0
DA:282,0
DA:283,0
DA:285,0
DA:288,0
DA:289,0
DA:290,0
DA:291,0
DA:293,0
DA:294,0
DA:295,0
DA:299,0
DA:303,0
DA:304,0
DA:305,0
DA:306,0
DA:308,0
DA:309,0
DA:310,0
DA:314,0
DA:318,0
DA:319,0
DA:320,0
DA:321,0
DA:324,0
DA:325,0
DA:326,0
DA:330,0
DA:347,0
DA:364,0
DA:435,0
DA:436,0
DA:437,0
LF:80
LH:0
BRDA:87,0,0,0
BRDA:87,0,1,0
BRDA:91,1,0,0
BRDA:91,1,1,0
BRDA:112,2,0,0
BRDA:112,2,1,0
BRDA:169,3,0,0
BRDA:169,3,1,0
BRDA:173,4,0,0
BRDA:173,4,1,0
BRDA:174,5,0,0
BRDA:174,5,1,0
BRDA:275,6,0,0
BRDA:275,6,1,0
BRDA:282,7,0,0
BRDA:282,7,1,0
BRDA:290,8,0,0
BRDA:290,8,1,0
BRDA:305,9,0,0
BRDA:305,9,1,0
BRDA:324,10,0,0
BRDA:324,10,1,0
BRDA:324,11,0,0
BRDA:324,11,1,0
BRDA:334,12,0,0
BRDA:334,12,1,0
BRDA:340,13,0,0
BRDA:340,13,1,0
BRDA:353,14,0,0
BRDA:353,14,1,0
BRDA:365,15,0,0
BRDA:365,15,1,0
BRDA:366,16,0,0
BRDA:366,16,1,0
BRDA:376,17,0,0
BRDA:376,17,1,0
BRDA:390,18,0,0
BRDA:390,18,1,0
BRDA:404,19,0,0
BRDA:404,19,1,0
BRDA:424,20,0,0
BRDA:424,20,1,0
BRDA:436,21,0,0
BRDA:436,21,1,0
BRF:44
BRH:0
end_of_record
TN:
SF:src\components\LanguageSelector\LanguageSelector.tsx
FN:64,(anonymous_1)
FN:70,(anonymous_2)
FN:76,(anonymous_3)
FN:90,(anonymous_4)
FN:120,(anonymous_5)
FN:127,(anonymous_6)
FN:136,(anonymous_7)
FN:140,(anonymous_8)
FN:162,(anonymous_9)
FN:165,(anonymous_10)
FNF:10
FNH:0
FNDA:0,(anonymous_1)
FNDA:0,(anonymous_2)
FNDA:0,(anonymous_3)
FNDA:0,(anonymous_4)
FNDA:0,(anonymous_5)
FNDA:0,(anonymous_6)
FNDA:0,(anonymous_7)
FNDA:0,(anonymous_8)
FNDA:0,(anonymous_9)
FNDA:0,(anonymous_10)
DA:2,0
DA:3,0
DA:4,0
DA:5,0
DA:13,0
DA:19,0
DA:25,0
DA:56,0
DA:62,0
DA:65,0
DA:71,0
DA:77,0
DA:91,0
DA:105,0
DA:111,0
DA:118,0
DA:120,0
DA:125,0
DA:127,0
DA:128,0
DA:131,0
DA:132,0
DA:137,0
DA:140,0
DA:156,0
DA:162,0
DA:166,0
LF:27
LH:0
BRDA:65,0,0,0
BRDA:65,0,1,0
BRDA:71,1,0,0
BRDA:71,1,1,0
BRDA:77,2,0,0
BRDA:77,2,1,0
BRDA:91,3,0,0
BRDA:91,3,1,0
BRDA:122,4,0,0
BRDA:123,5,0,0
BRDA:131,6,0,0
BRDA:131,6,1,0
BRDA:143,7,0,0
BRDA:143,7,1,0
BRDA:167,8,0,0
BRDA:167,8,1,0
BRF:16
BRH:0
end_of_record
TN:
SF:src\components\LanguageSelector\index.ts
FN:1,(anonymous_0)
FNF:1
FNH:0
FNDA:0,(anonymous_0)
DA:1,0
LF:1
LH:0
BRF:0
BRH:0
end_of_record
TN:
SF:src\components\Loading\Loading.tsx
FN:53,(anonymous_9)
FN:54,(anonymous_10)
FN:63,(anonymous_11)
FNF:3
FNH:0
FNDA:0,(anonymous_9)
FNDA:0,(anonymous_10)
FNDA:0,(anonymous_11)
DA:2,0
DA:3,0
DA:5,0
DA:10,0
DA:15,0
DA:24,0
DA:34,0
DA:42,0
DA:50,0
DA:53,0
DA:54,0
DA:63,0
DA:67,0
DA:68,0
DA:80,0
LF:15
LH:0
BRDA:53,0,0,0
BRDA:53,0,1,0
BRDA:54,1,0,0
BRDA:54,1,1,0
BRDA:64,2,0,0
BRDA:65,3,0,0
BRDA:67,4,0,0
BRDA:67,4,1,0
BRF:8
BRH:0
end_of_record
TN:
SF:src\components\ParticipantManager\ParticipantManager.tsx
FN:165,(anonymous_10)
FN:230,(anonymous_11)
FN:231,(anonymous_12)
FN:356,(anonymous_13)
FN:360,(anonymous_14)
FN:365,(anonymous_15)
FN:376,(anonymous_16)
FN:380,(anonymous_17)
FN:401,(anonymous_18)
FN:417,(anonymous_19)
FN:425,(anonymous_20)
FN:431,(anonymous_21)
FN:432,(anonymous_22)
FN:441,(anonymous_23)
FN:445,(anonymous_24)
FN:452,(anonymous_25)
FN:459,(anonymous_26)
FN:466,(anonymous_27)
FN:481,(anonymous_28)
FN:496,(anonymous_29)
FN:497,(anonymous_30)
FN:504,(anonymous_31)
FN:522,(anonymous_32)
FN:558,(anonymous_33)
FN:572,(anonymous_34)
FN:597,(anonymous_35)
FN:616,(anonymous_36)
FN:674,(anonymous_37)
FN:675,(anonymous_38)
FNF:29
FNH:0
FNDA:0,(anonymous_10)
FNDA:0,(anonymous_11)
FNDA:0,(anonymous_12)
FNDA:0,(anonymous_13)
FNDA:0,(anonymous_14)
FNDA:0,(anonymous_15)
FNDA:0,(anonymous_16)
FNDA:0,(anonymous_17)
FNDA:0,(anonymous_18)
FNDA:0,(anonymous_19)
FNDA:0,(anonymous_20)
FNDA:0,(anonymous_21)
FNDA:0,(anonymous_22)
FNDA:0,(anonymous_23)
FNDA:0,(anonymous_24)
FNDA:0,(anonymous_25)
FNDA:0,(anonymous_26)
FNDA:0,(anonymous_27)
FNDA:0,(anonymous_28)
FNDA:0,(anonymous_29)
FNDA:0,(anonymous_30)
FNDA:0,(anonymous_31)
FNDA:0,(anonymous_32)
FNDA:0,(anonymous_33)
FNDA:0,(anonymous_34)
FNDA:0,(anonymous_35)
FNDA:0,(anonymous_36)
FNDA:0,(anonymous_37)
FNDA:0,(anonymous_38)
DA:1,0
DA:2,0
DA:3,0
DA:4,0
DA:6,0
DA:7,0
DA:18,0
DA:25,0
DA:38,0
DA:44,0
DA:70,0
DA:95,0
DA:119,0
DA:146,0
DA:153,0
DA:161,0
DA:165,0
DA:170,0
DA:175,0
DA:185,0
DA:189,0
DA:204,0
DA:208,0
DA:228,0
DA:230,0
DA:231,0
DA:242,0
DA:266,0
DA:279,0
DA:284,0
DA:291,0
DA:301,0
DA:310,0
DA:320,0
DA:349,0
DA:355,0
DA:356,0
DA:360,0
DA:365,0
DA:376,0
DA:380,0
DA:394,0
DA:401,0
DA:408,0
DA:409,0
DA:410,0
DA:411,0
DA:412,0
DA:413,0
DA:414,0
DA:415,0
DA:417,0
DA:418,0
DA:419,0
DA:420,0
DA:421,0
DA:425,0
DA:426,0
DA:429,0
DA:431,0
DA:432,0
DA:434,0
DA:435,0
DA:436,0
DA:437,0
DA:441,0
DA:442,0
DA:445,0
DA:446,0
DA:447,0
DA:449,0
DA:452,0
DA:453,0
DA:454,0
DA:456,0
DA:459,0
DA:460,0
DA:461,0
DA:462,0
DA:466,0
DA:467,0
DA:468,0
DA:469,0
DA:471,0
DA:472,0
DA:473,0
DA:477,0
DA:481,0
DA:482,0
DA:483,0
DA:484,0
DA:486,0
DA:487,0
DA:488,0
DA:492,0
DA:496,0
DA:497,0
DA:498,0
DA:499,0
DA:502,0
DA:503,0
DA:504,0
DA:508,0
DA:522,0
DA:558,0
DA:572,0
DA:598,0
DA:616,0
DA:675,0
DA:676,0
DA:677,0
LF:111
LH:0
BRDA:356,0,0,0
BRDA:356,0,1,0
BRDA:360,1,0,0
BRDA:360,1,1,0
BRDA:365,2,0,0
BRDA:365,2,1,0
BRDA:376,3,0,0
BRDA:376,3,1,0
BRDA:380,4,0,0
BRDA:380,4,1,0
BRDA:419,5,0,0
BRDA:419,5,1,0
BRDA:426,6,0,0
BRDA:426,6,1,0
BRDA:434,7,0,0
BRDA:434,7,1,0
BRDA:446,8,0,0
BRDA:446,8,1,0
BRDA:453,9,0,0
BRDA:453,9,1,0
BRDA:461,10,0,0
BRDA:461,10,1,0
BRDA:468,11,0,0
BRDA:468,11,1,0
BRDA:483,12,0,0
BRDA:483,12,1,0
BRDA:502,13,0,0
BRDA:502,13,1,0
BRDA:502,14,0,0
BRDA:502,14,1,0
BRDA:512,15,0,0
BRDA:512,15,1,0
BRDA:542,16,0,0
BRDA:542,16,1,0
BRDA:547,17,0,0
BRDA:547,17,1,0
BRDA:589,18,0,0
BRDA:589,18,1,0
BRDA:608,19,0,0
BRDA:608,19,1,0
BRDA:630,20,0,0
BRDA:630,20,1,0
BRDA:644,21,0,0
BRDA:644,21,1,0
BRDA:664,22,0,0
BRDA:664,22,1,0
BRDA:676,23,0,0
BRDA:676,23,1,0
BRF:48
BRH:0
end_of_record
TN:
SF:src\components\Roulette\Roulette.tsx
FN:40,(anonymous_17)
FN:41,(anonymous_18)
FN:66,(anonymous_19)
FN:67,(anonymous_20)
FN:76,(anonymous_21)
FN:81,(anonymous_22)
FN:82,(anonymous_23)
FN:83,(anonymous_24)
FN:90,(anonymous_25)
FN:93,(anonymous_26)
FN:94,(anonymous_27)
FN:102,(anonymous_28)
FN:103,(anonymous_29)
FN:121,(anonymous_30)
FN:131,(anonymous_31)
FN:180,(anonymous_32)
FN:181,(anonymous_33)
FN:196,createSegmentPath
FN:207,(anonymous_35)
FN:220,(anonymous_36)
FN:221,(anonymous_37)
FN:253,(anonymous_38)
FN:257,(anonymous_39)
FN:266,(anonymous_40)
FN:275,(anonymous_41)
FN:275,(anonymous_42)
FN:287,(anonymous_43)
FN:333,(anonymous_44)
FN:340,(anonymous_45)
FNF:29
FNH:0
FNDA:0,(anonymous_17)
FNDA:0,(anonymous_18)
FNDA:0,(anonymous_19)
FNDA:0,(anonymous_20)
FNDA:0,(anonymous_21)
FNDA:0,(anonymous_22)
FNDA:0,(anonymous_23)
FNDA:0,(anonymous_24)
FNDA:0,(anonymous_25)
FNDA:0,(anonymous_26)
FNDA:0,(anonymous_27)
FNDA:0,(anonymous_28)
FNDA:0,(anonymous_29)
FNDA:0,(anonymous_30)
FNDA:0,(anonymous_31)
FNDA:0,(anonymous_32)
FNDA:0,(anonymous_33)
FNDA:0,createSegmentPath
FNDA:0,(anonymous_35)
FNDA:0,(anonymous_36)
FNDA:0,(anonymous_37)
FNDA:0,(anonymous_38)
FNDA:0,(anonymous_39)
FNDA:0,(anonymous_40)
FNDA:0,(anonymous_41)
FNDA:0,(anonymous_42)
FNDA:0,(anonymous_43)
FNDA:0,(anonymous_44)
FNDA:0,(anonymous_45)
DA:1,0
DA:2,0
DA:3,0
DA:5,0
DA:6,0
DA:16,0
DA:32,0
DA:39,0
DA:40,0
DA:41,0
DA:53,0
DA:61,0
DA:66,0
DA:67,0
DA:74,0
DA:76,0
DA:81,0
DA:82,0
DA:83,0
DA:90,0
DA:93,0
DA:94,0
DA:101,0
DA:102,0
DA:103,0
DA:111,0
DA:120,0
DA:121,0
DA:131,0
DA:155,0
DA:160,0
DA:169,0
DA:179,0
DA:180,0
DA:181,0
DA:197,0
DA:198,0
DA:199,0
DA:200,0
DA:202,0
DA:204,0
DA:207,0
DA:214,0
DA:215,0
DA:216,0
DA:217,0
DA:218,0
DA:220,0
DA:221,0
DA:222,0
DA:223,0
DA:226,0
DA:227,0
DA:230,0
DA:238,0
DA:239,0
DA:240,0
DA:241,0
DA:242,0
DA:243,0
DA:245,0
DA:248,0
DA:251,0
DA:252,0
DA:253,0
DA:257,0
DA:258,0
DA:260,0
DA:261,0
DA:266,0
DA:267,0
DA:268,0
DA:269,0
DA:270,0
DA:271,0
DA:275,0
DA:276,0
DA:279,0
DA:282,0
DA:284,0
DA:285,0
DA:287,0
DA:288,0
DA:290,0
DA:291,0
DA:292,0
DA:297,0
DA:298,0
DA:309,0
DA:310,0
DA:311,0
DA:312,0
DA:315,0
DA:318,0
DA:320,0
DA:334,0
DA:335,0
DA:341,0
DA:342,0
DA:343,0
DA:346,0
DA:347,0
DA:348,0
DA:349,0
DA:352,0
DA:354,0
LF:106
LH:0
BRDA:121,0,0,0
BRDA:121,0,1,0
BRDA:131,1,0,0
BRDA:131,1,1,0
BRDA:202,2,0,0
BRDA:202,2,1,0
BRDA:238,3,0,0
BRDA:238,3,1,0
BRDA:240,4,0,0
BRDA:240,4,1,0
BRDA:242,5,0,0
BRDA:242,5,1,0
BRDA:258,6,0,0
BRDA:258,6,1,0
BRDA:258,7,0,0
BRDA:258,7,1,0
BRDA:267,8,0,0
BRDA:267,8,1,0
BRDA:267,9,0,0
BRDA:267,9,1,0
BRDA:276,10,0,0
BRDA:276,10,1,0
BRDA:276,11,0,0
BRDA:276,11,1,0
BRDA:284,12,0,0
BRDA:284,12,1,0
BRDA:297,13,0,0
BRDA:297,13,1,0
BRDA:330,14,0,0
BRDA:330,14,1,0
BRDA:334,15,0,0
BRDA:334,15,1,0
BRDA:343,16,0,0
BRDA:343,16,1,0
BRDA:343,17,0,0
BRDA:343,17,1,0
BRDA:343,18,0,0
BRDA:343,18,1,0
BRDA:352,19,0,0
BRDA:352,19,1,0
BRDA:362,20,0,0
BRDA:362,20,1,0
BRDA:385,21,0,0
BRDA:385,21,1,0
BRDA:387,22,0,0
BRDA:387,22,1,0
BRDA:387,23,0,0
BRDA:387,23,1,0
BRDA:388,24,0,0
BRDA:388,24,1,0
BRDA:388,25,0,0
BRDA:388,25,1,0
BRDA:390,26,0,0
BRDA:390,26,1,0
BRDA:395,27,0,0
BRDA:395,27,1,0
BRDA:395,27,2,0
BRF:57
BRH:0
end_of_record
TN:
SF:src\components\Settings\Settings.tsx
FN:49,(anonymous_1)
FN:59,(anonymous_2)
FN:120,Settings
FN:123,(anonymous_4)
FN:152,(anonymous_5)
FN:177,(anonymous_6)
FN:191,(anonymous_7)
FN:216,(anonymous_8)
FN:240,(anonymous_9)
FNF:9
FNH:0
FNDA:0,(anonymous_1)
FNDA:0,(anonymous_2)
FNDA:0,Settings
FNDA:0,(anonymous_4)
FNDA:0,(anonymous_5)
FNDA:0,(anonymous_6)
FNDA:0,(anonymous_7)
FNDA:0,(anonymous_8)
FNDA:0,(anonymous_9)
DA:2,0
DA:3,0
DA:4,0
DA:5,0
DA:7,0
DA:11,0
DA:15,0
DA:25,0
DA:29,0
DA:39,0
DA:46,0
DA:49,0
DA:59,0
DA:69,0
DA:90,0
DA:120,0
DA:121,0
DA:123,0
DA:124,0
DA:130,0
DA:152,0
DA:177,0
DA:191,0
DA:216,0
DA:240,0
LF:25
LH:0
BRDA:49,0,0,0
BRDA:49,0,1,0
BRDA:59,1,0,0
BRDA:59,1,1,0
BRDA:159,2,0,0
BRDA:159,2,1,0
BRDA:205,3,0,0
BRDA:205,3,1,0
BRDA:213,4,0,0
BRDA:213,4,1,0
BRDA:222,5,0,0
BRDA:222,5,1,0
BRDA:223,6,0,0
BRDA:223,6,1,0
BRF:14
BRH:0
end_of_record
TN:
SF:src\components\SidePanel\SidePanel.tsx
FN:10,(anonymous_10)
FN:10,(anonymous_11)
FN:10,(anonymous_12)
FN:11,(anonymous_13)
FN:11,(anonymous_14)
FN:11,(anonymous_15)
FN:12,(anonymous_16)
FN:12,(anonymous_17)
FN:12,(anonymous_18)
FN:13,(anonymous_19)
FN:13,(anonymous_20)
FN:13,(anonymous_21)
FN:14,(anonymous_22)
FN:14,(anonymous_23)
FN:14,(anonymous_24)
FN:100,(anonymous_25)
FN:103,(anonymous_26)
FN:104,(anonymous_27)
FN:106,(anonymous_28)
FN:107,(anonymous_29)
FN:124,(anonymous_30)
FN:125,(anonymous_31)
FN:126,(anonymous_32)
FN:225,SidePanel
FN:273,(anonymous_34)
FN:280,(anonymous_35)
FN:289,(anonymous_36)
FN:297,(anonymous_37)
FNF:28
FNH:0
FNDA:0,(anonymous_10)
FNDA:0,(anonymous_11)
FNDA:0,(anonymous_12)
FNDA:0,(anonymous_13)
FNDA:0,(anonymous_14)
FNDA:0,(anonymous_15)
FNDA:0,(anonymous_16)
FNDA:0,(anonymous_17)
FNDA:0,(anonymous_18)
FNDA:0,(anonymous_19)
FNDA:0,(anonymous_20)
FNDA:0,(anonymous_21)
FNDA:0,(anonymous_22)
FNDA:0,(anonymous_23)
FNDA:0,(anonymous_24)
FNDA:0,(anonymous_25)
FNDA:0,(anonymous_26)
FNDA:0,(anonymous_27)
FNDA:0,(anonymous_28)
FNDA:0,(anonymous_29)
FNDA:0,(anonymous_30)
FNDA:0,(anonymous_31)
FNDA:0,(anonymous_32)
FNDA:0,SidePanel
FNDA:0,(anonymous_34)
FNDA:0,(anonymous_35)
FNDA:0,(anonymous_36)
FNDA:0,(anonymous_37)
DA:1,0
DA:2,0
DA:3,0
DA:6,0
DA:7,0
DA:10,0
DA:11,0
DA:12,0
DA:13,0
DA:14,0
DA:16,0
DA:26,0
DA:43,0
DA:54,0
DA:79,0
DA:99,0
DA:100,0
DA:103,0
DA:104,0
DA:106,0
DA:107,0
DA:124,0
DA:125,0
DA:126,0
DA:151,0
DA:161,0
DA:225,0
DA:247,0
DA:248,0
DA:250,0
DA:273,0
DA:280,0
DA:289,0
DA:297,0
LF:34
LH:0
BRDA:103,0,0,0
BRDA:103,0,1,0
BRDA:104,1,0,0
BRDA:104,1,1,0
BRDA:106,2,0,0
BRDA:106,2,1,0
BRDA:107,3,0,0
BRDA:107,3,1,0
BRDA:124,4,0,0
BRDA:124,4,1,0
BRDA:125,5,0,0
BRDA:125,5,1,0
BRDA:126,6,0,0
BRDA:126,6,1,0
BRDA:230,7,0,0
BRDA:231,8,0,0
BRDA:253,9,0,0
BRDA:253,9,1,0
BRDA:277,10,0,0
BRDA:277,10,1,0
BRDA:287,11,0,0
BRDA:287,11,1,0
BRDA:290,12,0,0
BRDA:290,12,1,0
BRDA:306,13,0,0
BRDA:306,13,1,0
BRDA:317,14,0,0
BRDA:317,14,1,0
BRDA:317,14,2,0
BRDA:326,15,0,0
BRDA:326,15,1,0
BRDA:326,15,2,0
BRDA:337,16,0,0
BRDA:337,16,1,0
BRDA:337,16,2,0
BRDA:345,17,0,0
BRDA:345,17,1,0
BRF:37
BRH:0
end_of_record
TN:
SF:src\components\SkipLinks\SkipLinks.tsx
FN:53,(anonymous_1)
FNF:1
FNH:0
FNDA:0,(anonymous_1)
DA:2,0
DA:3,0
DA:4,0
DA:6,0
DA:14,0
DA:49,0
DA:53,0
DA:54,0
DA:56,0
LF:9
LH:0
BRDA:10,0,0,0
BRDA:10,0,1,0
BRF:2
BRH:0
end_of_record
TN:
SF:src\components\TaskHistory\TaskHistory.tsx
FN:46,(anonymous_1)
FN:53,(anonymous_2)
FN:61,(anonymous_3)
FN:76,(anonymous_4)
FN:83,(anonymous_5)
FN:278,formatDate
FN:286,formatTime
FN:295,(anonymous_8)
FN:302,(anonymous_9)
FN:308,(anonymous_10)
FN:313,(anonymous_11)
FN:315,(anonymous_12)
FN:316,(anonymous_13)
FN:322,(anonymous_14)
FN:370,(anonymous_15)
FN:378,(anonymous_16)
FN:397,(anonymous_17)
FN:397,(anonymous_18)
FN:411,(anonymous_19)
FN:411,(anonymous_20)
FN:420,(anonymous_21)
FNF:21
FNH:0
FNDA:0,(anonymous_1)
FNDA:0,(anonymous_2)
FNDA:0,(anonymous_3)
FNDA:0,(anonymous_4)
FNDA:0,(anonymous_5)
FNDA:0,formatDate
FNDA:0,formatTime
FNDA:0,(anonymous_8)
FNDA:0,(anonymous_9)
FNDA:0,(anonymous_10)
FNDA:0,(anonymous_11)
FNDA:0,(anonymous_12)
FNDA:0,(anonymous_13)
FNDA:0,(anonymous_14)
FNDA:0,(anonymous_15)
FNDA:0,(anonymous_16)
FNDA:0,(anonymous_17)
FNDA:0,(anonymous_18)
FNDA:0,(anonymous_19)
FNDA:0,(anonymous_20)
FNDA:0,(anonymous_21)
DA:1,0
DA:2,0
DA:3,0
DA:5,0
DA:6,0
DA:14,0
DA:21,0
DA:34,0
DA:45,0
DA:47,0
DA:54,0
DA:62,0
DA:77,0
DA:84,0
DA:100,0
DA:107,0
DA:126,0
DA:148,0
DA:155,0
DA:161,0
DA:171,0
DA:178,0
DA:184,0
DA:190,0
DA:195,0
DA:201,0
DA:212,0
DA:216,0
DA:226,0
DA:234,0
DA:246,0
DA:270,0
DA:279,0
DA:287,0
DA:293,0
DA:295,0
DA:299,0
DA:300,0
DA:302,0
DA:303,0
DA:304,0
DA:308,0
DA:309,0
DA:313,0
DA:314,0
DA:315,0
DA:316,0
DA:318,0
DA:322,0
DA:323,0
DA:324,0
DA:327,0
DA:328,0
DA:330,0
DA:331,0
DA:346,0
DA:370,0
DA:378,0
DA:397,0
DA:411,0
DA:421,0
LF:61
LH:0
BRDA:47,0,0,0
BRDA:47,0,1,0
BRDA:49,1,0,0
BRDA:49,1,1,0
BRDA:54,2,0,0
BRDA:54,2,1,0
BRDA:56,3,0,0
BRDA:56,3,1,0
BRDA:62,4,0,0
BRDA:62,4,1,0
BRDA:64,5,0,0
BRDA:64,5,1,0
BRDA:77,6,0,0
BRDA:77,6,1,0
BRDA:79,7,0,0
BRDA:79,7,1,0
BRDA:84,8,0,0
BRDA:84,8,1,0
BRDA:86,9,0,0
BRDA:86,9,1,0
BRDA:303,10,0,0
BRDA:303,10,1,0
BRDA:330,11,0,0
BRDA:330,11,1,0
BRDA:394,12,0,0
BRDA:394,12,1,0
BRDA:426,13,0,0
BRDA:426,13,1,0
BRF:28
BRH:0
end_of_record
TN:
SF:src\components\TaskManager\TaskManager.tsx
FN:174,(anonymous_1)
FN:249,(anonymous_2)
FN:250,(anonymous_3)
FN:375,(anonymous_4)
FN:379,(anonymous_5)
FN:384,(anonymous_6)
FN:395,(anonymous_7)
FN:399,(anonymous_8)
FN:420,(anonymous_9)
FN:437,(anonymous_10)
FN:446,(anonymous_11)
FN:452,(anonymous_12)
FN:453,(anonymous_13)
FN:462,(anonymous_14)
FN:466,(anonymous_15)
FN:473,(anonymous_16)
FN:480,(anonymous_17)
FN:487,(anonymous_18)
FN:502,(anonymous_19)
FN:517,(anonymous_20)
FN:518,(anonymous_21)
FN:525,(anonymous_22)
FN:543,(anonymous_23)
FN:559,(anonymous_24)
FN:588,(anonymous_25)
FN:604,(anonymous_26)
FN:631,(anonymous_27)
FN:653,(anonymous_28)
FN:711,(anonymous_29)
FN:712,(anonymous_30)
FNF:30
FNH:0
FNDA:0,(anonymous_1)
FNDA:0,(anonymous_2)
FNDA:0,(anonymous_3)
FNDA:0,(anonymous_4)
FNDA:0,(anonymous_5)
FNDA:0,(anonymous_6)
FNDA:0,(anonymous_7)
FNDA:0,(anonymous_8)
FNDA:0,(anonymous_9)
FNDA:0,(anonymous_10)
FNDA:0,(anonymous_11)
FNDA:0,(anonymous_12)
FNDA:0,(anonymous_13)
FNDA:0,(anonymous_14)
FNDA:0,(anonymous_15)
FNDA:0,(anonymous_16)
FNDA:0,(anonymous_17)
FNDA:0,(anonymous_18)
FNDA:0,(anonymous_19)
FNDA:0,(anonymous_20)
FNDA:0,(anonymous_21)
FNDA:0,(anonymous_22)
FNDA:0,(anonymous_23)
FNDA:0,(anonymous_24)
FNDA:0,(anonymous_25)
FNDA:0,(anonymous_26)
FNDA:0,(anonymous_27)
FNDA:0,(anonymous_28)
FNDA:0,(anonymous_29)
FNDA:0,(anonymous_30)
DA:1,0
DA:2,0
DA:3,0
DA:4,0
DA:6,0
DA:7,0
DA:17,0
DA:24,0
DA:37,0
DA:44,0
DA:49,0
DA:75,0
DA:79,0
DA:104,0
DA:128,0
DA:155,0
DA:162,0
DA:170,0
DA:174,0
DA:179,0
DA:184,0
DA:194,0
DA:204,0
DA:208,0
DA:223,0
DA:227,0
DA:247,0
DA:249,0
DA:250,0
DA:261,0
DA:285,0
DA:298,0
DA:303,0
DA:310,0
DA:320,0
DA:329,0
DA:339,0
DA:368,0
DA:374,0
DA:375,0
DA:379,0
DA:384,0
DA:395,0
DA:399,0
DA:413,0
DA:420,0
DA:427,0
DA:428,0
DA:429,0
DA:430,0
DA:431,0
DA:432,0
DA:433,0
DA:434,0
DA:435,0
DA:437,0
DA:438,0
DA:439,0
DA:440,0
DA:441,0
DA:442,0
DA:446,0
DA:447,0
DA:450,0
DA:452,0
DA:453,0
DA:455,0
DA:456,0
DA:457,0
DA:458,0
DA:462,0
DA:463,0
DA:466,0
DA:467,0
DA:468,0
DA:470,0
DA:473,0
DA:474,0
DA:475,0
DA:477,0
DA:480,0
DA:481,0
DA:482,0
DA:483,0
DA:487,0
DA:488,0
DA:489,0
DA:490,0
DA:492,0
DA:493,0
DA:494,0
DA:498,0
DA:502,0
DA:503,0
DA:504,0
DA:505,0
DA:507,0
DA:508,0
DA:509,0
DA:513,0
DA:517,0
DA:518,0
DA:519,0
DA:520,0
DA:523,0
DA:524,0
DA:525,0
DA:529,0
DA:543,0
DA:559,0
DA:588,0
DA:604,0
DA:632,0
DA:653,0
DA:712,0
DA:713,0
DA:714,0
LF:117
LH:0
BRDA:375,0,0,0
BRDA:375,0,1,0
BRDA:379,1,0,0
BRDA:379,1,1,0
BRDA:384,2,0,0
BRDA:384,2,1,0
BRDA:395,3,0,0
BRDA:395,3,1,0
BRDA:399,4,0,0
BRDA:399,4,1,0
BRDA:439,5,0,0
BRDA:439,5,1,0
BRDA:440,6,0,0
BRDA:440,6,1,0
BRDA:447,7,0,0
BRDA:447,7,1,0
BRDA:455,8,0,0
BRDA:455,8,1,0
BRDA:467,9,0,0
BRDA:467,9,1,0
BRDA:474,10,0,0
BRDA:474,10,1,0
BRDA:482,11,0,0
BRDA:482,11,1,0
BRDA:489,12,0,0
BRDA:489,12,1,0
BRDA:504,13,0,0
BRDA:504,13,1,0
BRDA:523,14,0,0
BRDA:523,14,1,0
BRDA:523,15,0,0
BRDA:523,15,1,0
BRDA:533,16,0,0
BRDA:533,16,1,0
BRDA:572,17,0,0
BRDA:572,17,1,0
BRDA:577,18,0,0
BRDA:577,18,1,0
BRDA:623,19,0,0
BRDA:623,19,1,0
BRDA:642,20,0,0
BRDA:642,20,1,0
BRDA:645,21,0,0
BRDA:645,21,1,0
BRDA:667,22,0,0
BRDA:667,22,1,0
BRDA:681,23,0,0
BRDA:681,23,1,0
BRDA:701,24,0,0
BRDA:701,24,1,0
BRDA:713,25,0,0
BRDA:713,25,1,0
BRF:52
BRH:0
end_of_record
TN:
SF:src\components\TaskRoulette\TaskRoulette.tsx
FN:62,(anonymous_8)
FN:63,(anonymous_9)
FN:88,(anonymous_10)
FN:89,(anonymous_11)
FN:98,(anonymous_12)
FN:103,(anonymous_13)
FN:104,(anonymous_14)
FN:105,(anonymous_15)
FN:112,(anonymous_16)
FN:115,(anonymous_17)
FN:116,(anonymous_18)
FN:124,(anonymous_19)
FN:125,(anonymous_20)
FN:134,(anonymous_21)
FN:144,(anonymous_22)
FN:240,(anonymous_23)
FN:247,(anonymous_24)
FN:258,(anonymous_25)
FN:261,(anonymous_26)
FN:266,(anonymous_27)
FN:272,(anonymous_28)
FN:283,(anonymous_29)
FN:288,(anonymous_30)
FN:319,createSegmentPath
FN:330,(anonymous_32)
FN:346,(anonymous_33)
FN:347,(anonymous_34)
FN:377,(anonymous_35)
FN:381,(anonymous_36)
FN:390,(anonymous_37)
FN:399,(anonymous_38)
FN:399,(anonymous_39)
FN:410,(anonymous_40)
FN:459,(anonymous_41)
FN:460,(anonymous_42)
FN:461,(anonymous_43)
FN:478,(anonymous_44)
FN:484,(anonymous_45)
FN:545,(anonymous_46)
FN:559,(anonymous_47)
FN:560,(anonymous_48)
FNF:41
FNH:0
FNDA:0,(anonymous_8)
FNDA:0,(anonymous_9)
FNDA:0,(anonymous_10)
FNDA:0,(anonymous_11)
FNDA:0,(anonymous_12)
FNDA:0,(anonymous_13)
FNDA:0,(anonymous_14)
FNDA:0,(anonymous_15)
FNDA:0,(anonymous_16)
FNDA:0,(anonymous_17)
FNDA:0,(anonymous_18)
FNDA:0,(anonymous_19)
FNDA:0,(anonymous_20)
FNDA:0,(anonymous_21)
FNDA:0,(anonymous_22)
FNDA:0,(anonymous_23)
FNDA:0,(anonymous_24)
FNDA:0,(anonymous_25)
FNDA:0,(anonymous_26)
FNDA:0,(anonymous_27)
FNDA:0,(anonymous_28)
FNDA:0,(anonymous_29)
FNDA:0,(anonymous_30)
FNDA:0,createSegmentPath
FNDA:0,(anonymous_32)
FNDA:0,(anonymous_33)
FNDA:0,(anonymous_34)
FNDA:0,(anonymous_35)
FNDA:0,(anonymous_36)
FNDA:0,(anonymous_37)
FNDA:0,(anonymous_38)
FNDA:0,(anonymous_39)
FNDA:0,(anonymous_40)
FNDA:0,(anonymous_41)
FNDA:0,(anonymous_42)
FNDA:0,(anonymous_43)
FNDA:0,(anonymous_44)
FNDA:0,(anonymous_45)
FNDA:0,(anonymous_46)
FNDA:0,(anonymous_47)
FNDA:0,(anonymous_48)
DA:1,0
DA:2,0
DA:3,0
DA:5,0
DA:6,0
DA:19,0
DA:40,0
DA:54,0
DA:61,0
DA:62,0
DA:63,0
DA:75,0
DA:83,0
DA:88,0
DA:89,0
DA:96,0
DA:98,0
DA:103,0
DA:104,0
DA:105,0
DA:112,0
DA:115,0
DA:116,0
DA:123,0
DA:124,0
DA:125,0
DA:133,0
DA:134,0
DA:144,0
DA:167,0
DA:183,0
DA:193,0
DA:203,0
DA:225,0
DA:238,0
DA:241,0
DA:248,0
DA:258,0
DA:261,0
DA:267,0
DA:273,0
DA:282,0
DA:283,0
DA:288,0
DA:292,0
DA:300,0
DA:306,0
DA:311,0
DA:320,0
DA:321,0
DA:322,0
DA:323,0
DA:325,0
DA:327,0
DA:330,0
DA:340,0
DA:341,0
DA:342,0
DA:343,0
DA:344,0
DA:346,0
DA:347,0
DA:348,0
DA:349,0
DA:352,0
DA:353,0
DA:355,0
DA:362,0
DA:363,0
DA:364,0
DA:365,0
DA:366,0
DA:367,0
DA:369,0
DA:372,0
DA:375,0
DA:376,0
DA:377,0
DA:381,0
DA:382,0
DA:384,0
DA:385,0
DA:390,0
DA:391,0
DA:392,0
DA:393,0
DA:394,0
DA:395,0
DA:399,0
DA:400,0
DA:403,0
DA:405,0
DA:407,0
DA:408,0
DA:410,0
DA:411,0
DA:413,0
DA:414,0
DA:415,0
DA:421,0
DA:422,0
DA:449,0
DA:450,0
DA:451,0
DA:452,0
DA:453,0
DA:456,0
DA:459,0
DA:460,0
DA:461,0
DA:463,0
DA:479,0
DA:480,0
DA:485,0
DA:486,0
DA:487,0
DA:489,0
DA:490,0
DA:491,0
DA:492,0
DA:494,0
DA:496,0
DA:546,0
DA:560,0
DA:561,0
LF:125
LH:0
BRDA:134,0,0,0
BRDA:134,0,1,0
BRDA:144,1,0,0
BRDA:144,1,1,0
BRDA:241,2,0,0
BRDA:241,2,1,0
BRDA:243,3,0,0
BRDA:243,3,1,0
BRDA:248,4,0,0
BRDA:248,4,1,0
BRDA:250,5,0,0
BRDA:250,5,1,0
BRDA:258,6,0,0
BRDA:258,6,1,0
BRDA:261,7,0,0
BRDA:261,7,1,0
BRDA:261,7,2,0
BRDA:267,8,0,0
BRDA:267,8,1,0
BRDA:268,9,0,0
BRDA:268,9,1,0
BRDA:273,10,0,0
BRDA:273,10,1,0
BRDA:275,11,0,0
BRDA:275,11,1,0
BRDA:288,12,0,0
BRDA:288,12,1,0
BRDA:325,13,0,0
BRDA:325,13,1,0
BRDA:362,14,0,0
BRDA:362,14,1,0
BRDA:364,15,0,0
BRDA:364,15,1,0
BRDA:366,16,0,0
BRDA:366,16,1,0
BRDA:382,17,0,0
BRDA:382,17,1,0
BRDA:382,18,0,0
BRDA:382,18,1,0
BRDA:391,19,0,0
BRDA:391,19,1,0
BRDA:391,20,0,0
BRDA:391,20,1,0
BRDA:400,21,0,0
BRDA:400,21,1,0
BRDA:400,22,0,0
BRDA:400,22,1,0
BRDA:400,22,2,0
BRDA:407,23,0,0
BRDA:407,23,1,0
BRDA:421,24,0,0
BRDA:421,24,1,0
BRDA:421,25,0,0
BRDA:421,25,1,0
BRDA:428,26,0,0
BRDA:428,26,1,0
BRDA:428,27,0,0
BRDA:428,27,1,0
BRDA:430,28,0,0
BRDA:430,28,1,0
BRDA:475,29,0,0
BRDA:475,29,1,0
BRDA:479,30,0,0
BRDA:479,30,1,0
BRDA:487,31,0,0
BRDA:487,31,1,0
BRDA:487,32,0,0
BRDA:487,32,1,0
BRDA:487,33,0,0
BRDA:487,33,1,0
BRDA:494,34,0,0
BRDA:494,34,1,0
BRDA:504,35,0,0
BRDA:504,35,1,0
BRDA:526,36,0,0
BRDA:526,36,1,0
BRDA:528,37,0,0
BRDA:528,37,1,0
BRDA:528,38,0,0
BRDA:528,38,1,0
BRDA:529,39,0,0
BRDA:529,39,1,0
BRDA:529,40,0,0
BRDA:529,40,1,0
BRDA:531,41,0,0
BRDA:531,41,1,0
BRDA:531,42,0,0
BRDA:531,42,1,0
BRDA:540,43,0,0
BRDA:540,43,1,0
BRDA:556,44,0,0
BRDA:556,44,1,0
BRDA:572,45,0,0
BRDA:572,45,1,0
BRF:94
BRH:0
end_of_record
TN:
SF:src\components\WinnerModal\WinnerModal.tsx
FN:13,(anonymous_10)
FN:14,(anonymous_11)
FN:17,(anonymous_12)
FN:31,WinnerModal
FN:41,(anonymous_14)
FN:58,(anonymous_15)
FN:68,(anonymous_16)
FN:80,(anonymous_17)
FN:86,(anonymous_18)
FN:117,(anonymous_19)
FN:131,(anonymous_20)
FNF:11
FNH:0
FNDA:0,(anonymous_10)
FNDA:0,(anonymous_11)
FNDA:0,(anonymous_12)
FNDA:0,WinnerModal
FNDA:0,(anonymous_14)
FNDA:0,(anonymous_15)
FNDA:0,(anonymous_16)
FNDA:0,(anonymous_17)
FNDA:0,(anonymous_18)
FNDA:0,(anonymous_19)
FNDA:0,(anonymous_20)
DA:1,0
DA:2,0
DA:3,0
DA:6,0
DA:11,0
DA:13,0
DA:14,0
DA:17,0
DA:31,0
DA:39,0
DA:41,0
DA:42,0
DA:44,0
DA:46,0
DA:58,0
DA:63,0
DA:66,0
DA:67,0
DA:68,0
DA:73,0
DA:74,0
DA:78,0
DA:80,0
DA:81,0
DA:82,0
DA:86,0
DA:87,0
DA:88,0
DA:92,0
DA:117,0
DA:132,0
LF:31
LH:0
BRDA:37,0,0,0
BRDA:42,1,0,0
BRDA:42,1,1,0
BRDA:42,2,0,0
BRDA:42,2,1,0
BRDA:66,3,0,0
BRDA:66,3,1,0
BRDA:73,4,0,0
BRDA:73,4,1,0
BRDA:78,5,0,0
BRDA:78,5,1,0
BRDA:81,6,0,0
BRDA:81,6,1,0
BRDA:87,7,0,0
BRDA:87,7,1,0
BRDA:151,8,0,0
BRDA:151,8,1,0
BRDA:170,9,0,0
BRDA:170,9,1,0
BRDA:170,9,2,0
BRDA:181,10,0,0
BRDA:181,10,1,0
BRDA:207,11,0,0
BRDA:207,11,1,0
BRF:24
BRH:0
end_of_record
TN:
SF:src\context\RouletteContext.tsx
FN:62,useRouletteContext
FNF:1
FNH:0
FNDA:0,useRouletteContext
DA:1,0
DA:60,0
DA:62,0
DA:63,0
DA:64,0
DA:65,0
DA:67,0
LF:7
LH:0
BRDA:64,0,0,0
BRDA:64,0,1,0
BRF:2
BRH:0
end_of_record
TN:
SF:src\context\RouletteProvider.tsx
FN:16,loadFromStorage
FN:20,(anonymous_8)
FN:31,saveToStorage
FN:57,RouletteProvider
FN:59,(anonymous_11)
FN:79,(anonymous_12)
FN:83,(anonymous_13)
FN:87,(anonymous_14)
FN:91,(anonymous_15)
FN:95,(anonymous_16)
FN:100,(anonymous_17)
FN:102,(anonymous_18)
FN:106,(anonymous_19)
FN:110,(anonymous_20)
FN:114,(anonymous_21)
FN:119,(anonymous_22)
FN:123,(anonymous_23)
FN:127,(anonymous_24)
FN:131,(anonymous_25)
FN:136,(anonymous_26)
FN:136,(anonymous_27)
FN:137,(anonymous_28)
FN:142,(anonymous_29)
FN:142,(anonymous_30)
FN:143,(anonymous_31)
FN:148,(anonymous_32)
FN:152,(anonymous_33)
FN:157,(anonymous_34)
FN:161,(anonymous_35)
FN:165,(anonymous_36)
FN:169,(anonymous_37)
FN:174,(anonymous_38)
FN:179,(anonymous_39)
FN:180,(anonymous_40)
FN:181,(anonymous_41)
FN:186,(anonymous_42)
FNF:36
FNH:0
FNDA:0,loadFromStorage
FNDA:0,(anonymous_8)
FNDA:0,saveToStorage
FNDA:0,RouletteProvider
FNDA:0,(anonymous_11)
FNDA:0,(anonymous_12)
FNDA:0,(anonymous_13)
FNDA:0,(anonymous_14)
FNDA:0,(anonymous_15)
FNDA:0,(anonymous_16)
FNDA:0,(anonymous_17)
FNDA:0,(anonymous_18)
FNDA:0,(anonymous_19)
FNDA:0,(anonymous_20)
FNDA:0,(anonymous_21)
FNDA:0,(anonymous_22)
FNDA:0,(anonymous_23)
FNDA:0,(anonymous_24)
FNDA:0,(anonymous_25)
FNDA:0,(anonymous_26)
FNDA:0,(anonymous_27)
FNDA:0,(anonymous_28)
FNDA:0,(anonymous_29)
FNDA:0,(anonymous_30)
FNDA:0,(anonymous_31)
FNDA:0,(anonymous_32)
FNDA:0,(anonymous_33)
FNDA:0,(anonymous_34)
FNDA:0,(anonymous_35)
FNDA:0,(anonymous_36)
FNDA:0,(anonymous_37)
FNDA:0,(anonymous_38)
FNDA:0,(anonymous_39)
FNDA:0,(anonymous_40)
FNDA:0,(anonymous_41)
FNDA:0,(anonymous_42)
DA:1,0
DA:3,0
DA:5,0
DA:9,0
DA:10,0
DA:11,0
DA:12,0
DA:13,0
DA:17,0
DA:18,0
DA:19,0
DA:20,0
DA:21,0
DA:22,0
DA:24,0
DA:27,0
DA:32,0
DA:33,0
DA:35,0
DA:40,0
DA:57,0
DA:59,0
DA:60,0
DA:61,0
DA:62,0
DA:63,0
DA:64,0
DA:66,0
DA:76,0
DA:79,0
DA:80,0
DA:83,0
DA:84,0
DA:87,0
DA:88,0
DA:91,0
DA:92,0
DA:95,0
DA:96,0
DA:100,0
DA:103,0
DA:107,0
DA:111,0
DA:115,0
DA:120,0
DA:124,0
DA:128,0
DA:132,0
DA:136,0
DA:137,0
DA:138,0
DA:142,0
DA:143,0
DA:144,0
DA:149,0
DA:153,0
DA:158,0
DA:162,0
DA:166,0
DA:170,0
DA:175,0
DA:180,0
DA:181,0
DA:186,0
DA:191,0
LF:65
LH:0
BRDA:19,0,0,0
BRDA:19,0,1,0
BRDA:21,1,0,0
BRDA:21,1,1,0
BRDA:21,2,0,0
BRDA:21,2,1,0
BRF:6
BRH:0
end_of_record
TN:
SF:src\context\RouletteReducer.ts
FN:32,rouletteReducer
FN:39,(anonymous_8)
FN:68,(anonymous_9)
FN:72,(anonymous_10)
FN:109,(anonymous_11)
FN:141,(anonymous_12)
FN:142,(anonymous_13)
FN:146,(anonymous_14)
FN:147,(anonymous_15)
FN:168,(anonymous_16)
FN:248,(anonymous_17)
FN:259,(anonymous_18)
FN:281,(anonymous_19)
FN:282,(anonymous_20)
FN:292,(anonymous_21)
FN:305,(anonymous_22)
FN:337,(anonymous_23)
FN:337,(anonymous_24)
FN:338,(anonymous_25)
FN:355,(anonymous_26)
FN:356,(anonymous_27)
FN:372,(anonymous_28)
FN:372,(anonymous_29)
FN:373,(anonymous_30)
FNF:24
FNH:0
FNDA:0,rouletteReducer
FNDA:0,(anonymous_8)
FNDA:0,(anonymous_9)
FNDA:0,(anonymous_10)
FNDA:0,(anonymous_11)
FNDA:0,(anonymous_12)
FNDA:0,(anonymous_13)
FNDA:0,(anonymous_14)
FNDA:0,(anonymous_15)
FNDA:0,(anonymous_16)
FNDA:0,(anonymous_17)
FNDA:0,(anonymous_18)
FNDA:0,(anonymous_19)
FNDA:0,(anonymous_20)
FNDA:0,(anonymous_21)
FNDA:0,(anonymous_22)
FNDA:0,(anonymous_23)
FNDA:0,(anonymous_24)
FNDA:0,(anonymous_25)
FNDA:0,(anonymous_26)
FNDA:0,(anonymous_27)
FNDA:0,(anonymous_28)
FNDA:0,(anonymous_29)
FNDA:0,(anonymous_30)
DA:3,0
DA:32,0
DA:33,0
DA:35,0
DA:36,0
DA:38,0
DA:39,0
DA:40,0
DA:43,0
DA:44,0
DA:45,0
DA:46,0
DA:48,0
DA:51,0
DA:58,0
DA:65,0
DA:66,0
DA:68,0
DA:69,0
DA:70,0
DA:72,0
DA:73,0
DA:74,0
DA:76,0
DA:79,0
DA:80,0
DA:81,0
DA:82,0
DA:84,0
DA:87,0
DA:89,0
DA:96,0
DA:99,0
DA:106,0
DA:107,0
DA:109,0
DA:114,0
DA:121,0
DA:122,0
DA:124,0
DA:132,0
DA:139,0
DA:140,0
DA:141,0
DA:142,0
DA:144,0
DA:146,0
DA:147,0
DA:149,0
DA:158,0
DA:165,0
DA:166,0
DA:168,0
DA:173,0
DA:180,0
DA:189,0
DA:191,0
DA:192,0
DA:198,0
DA:206,0
DA:216,0
DA:218,0
DA:219,0
DA:225,0
DA:235,0
DA:245,0
DA:246,0
DA:248,0
DA:252,0
DA:256,0
DA:257,0
DA:259,0
DA:264,0
DA:271,0
DA:278,0
DA:279,0
DA:281,0
DA:283,0
DA:291,0
DA:292,0
DA:294,0
DA:301,0
DA:306,0
DA:315,0
DA:316,0
DA:323,0
DA:325,0
DA:326,0
DA:327,0
DA:330,0
DA:337,0
DA:338,0
DA:339,0
DA:340,0
DA:343,0
DA:347,0
DA:349,0
DA:350,0
DA:351,0
DA:355,0
DA:356,0
DA:359,0
DA:360,0
DA:361,0
DA:364,0
DA:365,0
DA:372,0
DA:373,0
DA:374,0
DA:375,0
DA:376,0
DA:378,0
DA:382,0
DA:386,0
LF:114
LH:0
BRDA:33,0,0,0
BRDA:33,0,1,0
BRDA:33,0,2,0
BRDA:33,0,3,0
BRDA:33,0,4,0
BRDA:33,0,5,0
BRDA:33,0,6,0
BRDA:33,0,7,0
BRDA:33,0,8,0
BRDA:33,0,9,0
BRDA:33,0,10,0
BRDA:33,0,11,0
BRDA:33,0,12,0
BRDA:33,0,13,0
BRDA:33,0,14,0
BRDA:33,0,15,0
BRDA:33,0,16,0
BRDA:33,0,17,0
BRDA:33,0,18,0
BRDA:33,0,19,0
BRDA:36,1,0,0
BRDA:36,1,1,0
BRDA:43,2,0,0
BRDA:43,2,1,0
BRDA:66,3,0,0
BRDA:66,3,1,0
BRDA:74,4,0,0
BRDA:74,4,1,0
BRDA:79,5,0,0
BRDA:79,5,1,0
BRDA:122,6,0,0
BRDA:122,6,1,0
BRDA:127,7,0,0
BRDA:127,7,1,0
BRDA:127,8,0,0
BRDA:127,8,1,0
BRDA:127,9,0,0
BRDA:127,9,1,0
BRDA:144,10,0,0
BRDA:144,10,1,0
BRDA:152,11,0,0
BRDA:152,11,1,0
BRDA:191,12,0,0
BRDA:191,12,1,0
BRDA:218,13,0,0
BRDA:218,13,1,0
BRDA:218,14,0,0
BRDA:218,14,1,0
BRDA:245,15,0,0
BRDA:245,15,1,0
BRDA:283,16,0,0
BRDA:283,16,1,0
BRDA:283,17,0,0
BRDA:283,17,1,0
BRDA:292,18,0,0
BRDA:292,18,1,0
BRDA:304,19,0,0
BRDA:304,19,1,0
BRDA:306,20,0,0
BRDA:306,20,1,0
BRDA:325,21,0,0
BRDA:325,21,1,0
BRDA:325,22,0,0
BRDA:325,22,1,0
BRDA:349,23,0,0
BRDA:349,23,1,0
BRDA:349,24,0,0
BRDA:349,24,1,0
BRDA:349,24,2,0
BRDA:359,25,0,0
BRDA:359,25,1,0
BRDA:375,26,0,0
BRDA:375,26,1,0
BRF:73
BRH:0
end_of_record
TN:
SF:src\design-system\index.ts
FN:4,(anonymous_4)
FNF:1
FNH:0
FNDA:0,(anonymous_4)
DA:2,0
DA:3,0
DA:4,0
LF:3
LH:0
BRF:0
BRH:0
end_of_record
TN:
SF:src\design-system\tokens.ts
FNF:0
FNH:0
DA:2,1
LF:1
LH:1
BRF:0
BRH:0
end_of_record
TN:
SF:src\design-system\components\Button.tsx
FN:30,(anonymous_9)
FN:98,(anonymous_10)
FN:127,(anonymous_11)
FN:140,(anonymous_12)
FN:141,(anonymous_13)
FN:143,(anonymous_14)
FN:166,(anonymous_15)
FN:187,(anonymous_16)
FN:205,(anonymous_17)
FNF:9
FNH:0
FNDA:0,(anonymous_9)
FNDA:0,(anonymous_10)
FNDA:0,(anonymous_11)
FNDA:0,(anonymous_12)
FNDA:0,(anonymous_13)
FNDA:0,(anonymous_14)
FNDA:0,(anonymous_15)
FNDA:0,(anonymous_16)
FNDA:0,(anonymous_17)
DA:2,0
DA:3,0
DA:4,0
DA:30,0
DA:31,0
DA:33,0
DA:45,0
DA:57,0
DA:69,0
DA:81,0
DA:94,0
DA:98,0
DA:99,0
DA:101,0
DA:108,0
DA:115,0
DA:122,0
DA:126,0
DA:127,0
DA:140,0
DA:141,0
DA:143,0
DA:166,0
DA:187,0
DA:205,0
DA:206,0
DA:207,0
DA:211,0
LF:28
LH:0
BRDA:31,0,0,0
BRDA:31,0,1,0
BRDA:31,0,2,0
BRDA:31,0,3,0
BRDA:31,0,4,0
BRDA:31,0,5,0
BRDA:99,1,0,0
BRDA:99,1,1,0
BRDA:99,1,2,0
BRDA:99,1,3,0
BRDA:143,2,0,0
BRDA:143,2,1,0
BRDA:166,3,0,0
BRDA:166,3,1,0
BRDA:188,4,0,0
BRDA:189,5,0,0
BRDA:190,6,0,0
BRDA:191,7,0,0
BRDA:194,8,0,0
BRDA:206,9,0,0
BRDA:206,9,1,0
BRDA:206,10,0,0
BRDA:206,10,1,0
BRDA:206,10,2,0
BRDA:217,11,0,0
BRDA:217,11,1,0
BRDA:229,12,0,0
BRDA:229,12,1,0
BRDA:229,13,0,0
BRDA:229,13,1,0
BRDA:230,14,0,0
BRDA:230,14,1,0
BRDA:230,15,0,0
BRDA:230,15,1,0
BRF:34
BRH:0
end_of_record
TN:
SF:src\design-system\components\Card.tsx
FN:22,(anonymous_10)
FN:51,(anonymous_11)
FN:83,(anonymous_12)
FN:84,(anonymous_13)
FN:86,(anonymous_14)
FN:90,(anonymous_15)
FN:112,(anonymous_16)
FN:125,(anonymous_17)
FN:144,(anonymous_18)
FN:150,(anonymous_19)
FNF:10
FNH:0
FNDA:0,(anonymous_10)
FNDA:0,(anonymous_11)
FNDA:0,(anonymous_12)
FNDA:0,(anonymous_13)
FNDA:0,(anonymous_14)
FNDA:0,(anonymous_15)
FNDA:0,(anonymous_16)
FNDA:0,(anonymous_17)
FNDA:0,(anonymous_18)
FNDA:0,(anonymous_19)
DA:2,0
DA:3,0
DA:4,0
DA:22,0
DA:23,0
DA:25,0
DA:33,0
DA:40,0
DA:47,0
DA:51,0
DA:52,0
DA:54,0
DA:59,0
DA:64,0
DA:69,0
DA:73,0
DA:83,0
DA:84,0
DA:86,0
DA:90,0
DA:112,0
DA:125,0
DA:137,0
DA:138,0
DA:140,0
DA:141,0
DA:142,0
DA:144,0
DA:145,0
DA:146,0
DA:150,0
DA:151,0
DA:152,0
DA:153,0
DA:157,0
LF:35
LH:0
BRDA:23,0,0,0
BRDA:23,0,1,0
BRDA:23,0,2,0
BRDA:23,0,3,0
BRDA:52,1,0,0
BRDA:52,1,1,0
BRDA:52,1,2,0
BRDA:52,1,3,0
BRDA:86,2,0,0
BRDA:86,2,1,0
BRDA:90,3,0,0
BRDA:90,3,1,0
BRDA:95,4,0,0
BRDA:95,4,1,0
BRDA:100,5,0,0
BRDA:100,5,1,0
BRDA:105,6,0,0
BRDA:105,6,1,0
BRDA:112,7,0,0
BRDA:112,7,1,0
BRDA:127,8,0,0
BRDA:128,9,0,0
BRDA:129,10,0,0
BRDA:141,11,0,0
BRDA:141,11,1,0
BRDA:141,12,0,0
BRDA:141,12,1,0
BRDA:142,13,0,0
BRDA:142,13,1,0
BRDA:142,14,0,0
BRDA:142,14,1,0
BRDA:145,15,0,0
BRDA:145,15,1,0
BRDA:151,16,0,0
BRDA:151,16,1,0
BRDA:151,17,0,0
BRDA:151,17,1,0
BRDA:151,17,2,0
BRDA:153,18,0,0
BRDA:153,18,1,0
BRDA:153,19,0,0
BRDA:153,19,1,0
BRDA:172,20,0,0
BRDA:172,20,1,0
BRDA:173,21,0,0
BRDA:173,21,1,0
BRF:46
BRH:0
end_of_record
TN:
SF:src\design-system\components\Input.tsx
FN:36,(anonymous_10)
FN:90,(anonymous_11)
FN:94,(anonymous_12)
FN:98,(anonymous_13)
FN:113,(anonymous_14)
FN:125,(anonymous_15)
FN:149,(anonymous_16)
FN:219,(anonymous_17)
FNF:8
FNH:0
FNDA:0,(anonymous_10)
FNDA:0,(anonymous_11)
FNDA:0,(anonymous_12)
FNDA:0,(anonymous_13)
FNDA:0,(anonymous_14)
FNDA:0,(anonymous_15)
FNDA:0,(anonymous_16)
FNDA:0,(anonymous_17)
DA:1,0
DA:2,0
DA:3,0
DA:31,0
DA:36,0
DA:41,0
DA:47,0
DA:53,0
DA:87,0
DA:90,0
DA:94,0
DA:98,0
DA:108,0
DA:113,0
DA:123,0
DA:125,0
DA:137,0
DA:143,0
DA:149,0
DA:160,0
DA:161,0
DA:163,0
DA:164,0
DA:165,0
DA:168,0
DA:174,0
DA:219,0
DA:228,0
DA:229,0
DA:231,0
DA:232,0
DA:233,0
DA:236,0
DA:242,0
LF:34
LH:0
BRDA:36,0,0,0
BRDA:36,0,1,0
BRDA:90,1,0,0
BRDA:90,1,1,0
BRDA:94,2,0,0
BRDA:94,2,1,0
BRDA:98,3,0,0
BRDA:98,3,1,0
BRDA:113,4,0,0
BRDA:113,4,1,0
BRDA:125,5,0,0
BRDA:125,5,1,0
BRDA:152,6,0,0
BRDA:168,7,0,0
BRDA:168,7,1,0
BRDA:169,8,0,0
BRDA:169,8,1,0
BRDA:170,9,0,0
BRDA:170,9,1,0
BRDA:176,10,0,0
BRDA:176,10,1,0
BRDA:179,11,0,0
BRDA:179,11,1,0
BRDA:183,12,0,0
BRDA:183,12,1,0
BRDA:195,13,0,0
BRDA:195,13,1,0
BRDA:195,14,0,0
BRDA:195,14,1,0
BRDA:199,15,0,0
BRDA:199,15,1,0
BRDA:205,16,0,0
BRDA:205,16,1,0
BRDA:210,17,0,0
BRDA:210,17,1,0
BRDA:222,18,0,0
BRDA:236,19,0,0
BRDA:236,19,1,0
BRDA:237,20,0,0
BRDA:237,20,1,0
BRDA:238,21,0,0
BRDA:238,21,1,0
BRDA:244,22,0,0
BRDA:244,22,1,0
BRDA:247,23,0,0
BRDA:247,23,1,0
BRDA:255,24,0,0
BRDA:255,24,1,0
BRDA:255,25,0,0
BRDA:255,25,1,0
BRDA:259,26,0,0
BRDA:259,26,1,0
BRDA:264,27,0,0
BRDA:264,27,1,0
BRF:54
BRH:0
end_of_record
TN:
SF:src\design-system\components\Modal.tsx
FN:46,(anonymous_1)
FN:152,(anonymous_2)
FN:170,(anonymous_3)
FN:173,(anonymous_4)
FN:181,(anonymous_5)
FN:185,(anonymous_6)
FN:192,(anonymous_7)
FN:211,(anonymous_8)
FN:239,(anonymous_9)
FNF:9
FNH:0
FNDA:0,(anonymous_1)
FNDA:0,(anonymous_2)
FNDA:0,(anonymous_3)
FNDA:0,(anonymous_4)
FNDA:0,(anonymous_5)
FNDA:0,(anonymous_6)
FNDA:0,(anonymous_7)
FNDA:0,(anonymous_8)
FNDA:0,(anonymous_9)
DA:1,0
DA:2,0
DA:3,0
DA:4,0
DA:5,0
DA:6,0
DA:24,0
DA:39,0
DA:46,0
DA:66,0
DA:74,0
DA:81,0
DA:124,0
DA:128,0
DA:134,0
DA:152,0
DA:166,0
DA:167,0
DA:168,0
DA:169,0
DA:170,0
DA:171,0
DA:173,0
DA:174,0
DA:175,0
DA:179,0
DA:180,0
DA:181,0
DA:185,0
DA:186,0
DA:188,0
DA:189,0
DA:192,0
DA:193,0
DA:194,0
DA:195,0
DA:196,0
DA:199,0
DA:203,0
DA:206,0
DA:207,0
DA:211,0
DA:212,0
DA:216,0
DA:239,0
LF:45
LH:0
BRDA:157,0,0,0
BRDA:158,1,0,0
BRDA:159,2,0,0
BRDA:163,3,0,0
BRDA:171,4,0,0
BRDA:171,4,1,0
BRDA:174,5,0,0
BRDA:174,5,1,0
BRDA:179,6,0,0
BRDA:179,6,1,0
BRDA:186,7,0,0
BRDA:186,7,1,0
BRDA:193,8,0,0
BRDA:193,8,1,0
BRDA:193,9,0,0
BRDA:193,9,1,0
BRDA:193,10,0,0
BRDA:193,10,1,0
BRDA:195,11,0,0
BRDA:195,11,1,0
BRDA:199,12,0,0
BRDA:199,12,1,0
BRDA:199,13,0,0
BRDA:199,13,1,0
BRDA:206,14,0,0
BRDA:206,14,1,0
BRDA:218,15,0,0
BRDA:218,15,1,0
BRDA:224,16,0,0
BRDA:224,16,1,0
BRDA:243,17,0,0
BRDA:243,17,1,0
BRDA:243,18,0,0
BRDA:243,18,1,0
BRDA:244,19,0,0
BRDA:244,19,1,0
BRDA:247,20,0,0
BRDA:247,20,1,0
BRDA:262,21,0,0
BRDA:262,21,1,0
BRF:40
BRH:0
end_of_record
TN:
SF:src\design-system\components\index.ts
FN:2,(anonymous_0)
FN:3,(anonymous_1)
FN:3,(anonymous_2)
FN:4,(anonymous_3)
FN:5,(anonymous_4)
FN:8,(anonymous_5)
FNF:6
FNH:0
FNDA:0,(anonymous_0)
FNDA:0,(anonymous_1)
FNDA:0,(anonymous_2)
FNDA:0,(anonymous_3)
FNDA:0,(anonymous_4)
FNDA:0,(anonymous_5)
DA:2,0
DA:3,0
DA:4,0
DA:5,0
DA:8,0
LF:5
LH:0
BRF:0
BRH:0
end_of_record
TN:
SF:src\design-system\examples\DesignSystemDemo.tsx
FN:55,(anonymous_1)
FN:124,(anonymous_2)
FN:144,(anonymous_3)
FNF:3
FNH:0
FNDA:0,(anonymous_1)
FNDA:0,(anonymous_2)
FNDA:0,(anonymous_3)
DA:1,0
DA:2,0
DA:3,0
DA:14,0
DA:22,0
DA:26,0
DA:37,0
DA:44,0
DA:55,0
DA:56,0
DA:57,0
DA:58,0
DA:59,0
DA:61,0
DA:124,0
DA:144,0
LF:16
LH:0
BRF:0
BRH:0
end_of_record
TN:
SF:src\design-system\hooks\index.ts
FN:1,(anonymous_0)
FN:2,(anonymous_1)
FNF:2
FNH:0
FNDA:0,(anonymous_0)
FNDA:0,(anonymous_1)
DA:1,0
DA:2,0
LF:2
LH:0
BRF:0
BRH:0
end_of_record
TN:
SF:src\design-system\hooks\useBreakpoint.ts
FN:13,useBreakpoint
FN:21,(anonymous_1)
FN:25,(anonymous_2)
FN:28,(anonymous_3)
FN:30,(anonymous_4)
FNF:5
FNH:5
FNDA:11,useBreakpoint
FNDA:9,(anonymous_1)
FNDA:9,(anonymous_2)
FNDA:1,(anonymous_3)
FNDA:9,(anonymous_4)
DA:1,1
DA:2,1
DA:6,1
DA:13,1
DA:21,11
DA:22,9
DA:25,11
DA:26,9
DA:28,9
DA:29,9
DA:30,9
DA:34,11
DA:38,11
LF:13
LH:13
BRDA:22,0,0,9
BRDA:22,0,1,0
BRDA:26,1,0,0
BRDA:26,1,1,9
BRDA:34,2,0,1
BRDA:34,2,1,10
BRDA:35,3,0,0
BRDA:35,3,1,10
BRDA:36,4,0,7
BRDA:36,4,1,3
BRF:10
BRH:7
end_of_record
TN:
SF:src\design-system\hooks\useToggle.ts
FN:3,useToggle
FN:6,(anonymous_1)
FN:7,(anonymous_2)
FN:10,(anonymous_3)
FNF:4
FNH:4
FNDA:19,useToggle
FNDA:7,(anonymous_1)
FNDA:7,(anonymous_2)
FNDA:5,(anonymous_3)
DA:1,1
DA:3,1
DA:4,19
DA:6,19
DA:7,7
DA:10,19
DA:11,5
DA:14,19
LF:8
LH:8
BRDA:3,0,0,3
BRF:1
BRH:1
end_of_record
TN:
SF:src\hooks\useA11y.ts
FN:7,useFocusManagement
FN:11,(anonymous_10)
FN:23,(anonymous_11)
FN:37,useFocusTrap
FN:40,(anonymous_13)
FN:51,(anonymous_14)
FN:74,(anonymous_15)
FN:86,useKeyboardNavigation
FN:95,(anonymous_17)
FN:96,(anonymous_18)
FN:130,(anonymous_19)
FN:138,useScreenReaderAnnouncements
FN:141,(anonymous_21)
FN:142,(anonymous_22)
FN:145,(anonymous_23)
FN:146,(anonymous_24)
FN:150,(anonymous_25)
FN:151,(anonymous_26)
FN:152,(anonymous_27)
FN:191,useReducedMotion
FN:194,(anonymous_29)
FN:198,(anonymous_30)
FN:203,(anonymous_31)
FN:212,useHighContrast
FN:215,(anonymous_33)
FN:219,(anonymous_34)
FN:224,(anonymous_35)
FN:234,useSkipLinks
FN:235,(anonymous_37)
FN:243,(anonymous_38)
FNF:30
FNH:0
FNDA:0,useFocusManagement
FNDA:0,(anonymous_10)
FNDA:0,(anonymous_11)
FNDA:0,useFocusTrap
FNDA:0,(anonymous_13)
FNDA:0,(anonymous_14)
FNDA:0,(anonymous_15)
FNDA:0,useKeyboardNavigation
FNDA:0,(anonymous_17)
FNDA:0,(anonymous_18)
FNDA:0,(anonymous_19)
FNDA:0,useScreenReaderAnnouncements
FNDA:0,(anonymous_21)
FNDA:0,(anonymous_22)
FNDA:0,(anonymous_23)
FNDA:0,(anonymous_24)
FNDA:0,(anonymous_25)
FNDA:0,(anonymous_26)
FNDA:0,(anonymous_27)
FNDA:0,useReducedMotion
FNDA:0,(anonymous_29)
FNDA:0,(anonymous_30)
FNDA:0,(anonymous_31)
FNDA:0,useHighContrast
FNDA:0,(anonymous_33)
FNDA:0,(anonymous_34)
FNDA:0,(anonymous_35)
FNDA:0,useSkipLinks
FNDA:0,(anonymous_37)
FNDA:0,(anonymous_38)
DA:1,0
DA:7,0
DA:8,0
DA:9,0
DA:11,0
DA:12,0
DA:15,0
DA:18,0
DA:19,0
DA:23,0
DA:24,0
DA:25,0
DA:30,0
DA:37,0
DA:38,0
DA:40,0
DA:41,0
DA:43,0
DA:44,0
DA:48,0
DA:49,0
DA:51,0
DA:52,0
DA:54,0
DA:56,0
DA:57,0
DA:58,0
DA:62,0
DA:63,0
DA:64,0
DA:69,0
DA:72,0
DA:74,0
DA:75,0
DA:79,0
DA:86,0
DA:95,0
DA:96,0
DA:97,0
DA:99,0
DA:100,0
DA:101,0
DA:103,0
DA:104,0
DA:105,0
DA:107,0
DA:108,0
DA:109,0
DA:111,0
DA:112,0
DA:113,0
DA:115,0
DA:116,0
DA:117,0
DA:119,0
DA:120,0
DA:121,0
DA:123,0
DA:124,0
DA:125,0
DA:129,0
DA:130,0
DA:138,0
DA:139,0
DA:141,0
DA:142,0
DA:145,0
DA:146,0
DA:150,0
DA:151,0
DA:152,0
DA:154,0
DA:184,0
DA:191,0
DA:192,0
DA:194,0
DA:195,0
DA:196,0
DA:198,0
DA:199,0
DA:202,0
DA:203,0
DA:206,0
DA:212,0
DA:213,0
DA:215,0
DA:216,0
DA:217,0
DA:219,0
DA:220,0
DA:223,0
DA:224,0
DA:227,0
DA:234,0
DA:235,0
DA:236,0
DA:237,0
DA:238,0
DA:239,0
DA:243,0
DA:244,0
DA:245,0
DA:246,0
DA:247,0
DA:251,0
LF:105
LH:0
BRDA:7,0,0,0
BRDA:12,1,0,0
BRDA:12,1,1,0
BRDA:18,2,0,0
BRDA:18,2,1,0
BRDA:24,3,0,0
BRDA:24,3,1,0
BRDA:37,4,0,0
BRDA:41,5,0,0
BRDA:41,5,1,0
BRDA:41,6,0,0
BRDA:41,6,1,0
BRDA:52,7,0,0
BRDA:52,7,1,0
BRDA:54,8,0,0
BRDA:54,8,1,0
BRDA:56,9,0,0
BRDA:56,9,1,0
BRDA:58,10,0,0
BRDA:58,10,1,0
BRDA:58,11,0,0
BRDA:58,11,1,0
BRDA:62,12,0,0
BRDA:62,12,1,0
BRDA:64,13,0,0
BRDA:64,13,1,0
BRDA:64,14,0,0
BRDA:64,14,1,0
BRDA:72,15,0,0
BRDA:72,15,1,0
BRDA:72,16,0,0
BRDA:72,16,1,0
BRDA:97,17,0,0
BRDA:97,17,1,0
BRDA:97,17,2,0
BRDA:97,17,3,0
BRDA:97,17,4,0
BRDA:97,17,5,0
BRDA:97,17,6,0
BRDA:100,18,0,0
BRDA:100,18,1,0
BRDA:100,19,0,0
BRDA:100,19,1,0
BRDA:104,20,0,0
BRDA:104,20,1,0
BRDA:104,21,0,0
BRDA:104,21,1,0
BRDA:108,22,0,0
BRDA:108,22,1,0
BRDA:108,23,0,0
BRDA:108,23,1,0
BRDA:112,24,0,0
BRDA:112,24,1,0
BRDA:112,25,0,0
BRDA:112,25,1,0
BRDA:116,26,0,0
BRDA:116,26,1,0
BRDA:116,27,0,0
BRDA:116,27,1,0
BRDA:120,28,0,0
BRDA:120,28,1,0
BRDA:120,29,0,0
BRDA:120,29,1,0
BRDA:124,30,0,0
BRDA:124,30,1,0
BRDA:124,31,0,0
BRDA:124,31,1,0
BRDA:141,32,0,0
BRDA:237,33,0,0
BRDA:237,33,1,0
BRDA:245,34,0,0
BRDA:245,34,1,0
BRF:72
BRH:0
end_of_record
TN:
SF:src\hooks\useDebounce.ts
FN:7,useDebounce
FN:10,(anonymous_1)
FN:12,(anonymous_2)
FN:17,(anonymous_3)
FN:29,useDebouncedCallback
FN:35,(anonymous_5)
FN:42,(anonymous_6)
FNF:7
FNH:0
FNDA:0,useDebounce
FNDA:0,(anonymous_1)
FNDA:0,(anonymous_2)
FNDA:0,(anonymous_3)
FNDA:0,useDebouncedCallback
FNDA:0,(anonymous_5)
FNDA:0,(anonymous_6)
DA:1,0
DA:7,0
DA:8,0
DA:10,0
DA:12,0
DA:13,0
DA:17,0
DA:18,0
DA:22,0
DA:29,0
DA:33,0
DA:35,0
DA:37,0
DA:38,0
DA:42,0
DA:43,0
DA:46,0
LF:17
LH:0
BRDA:37,0,0,0
BRDA:37,0,1,0
BRF:2
BRH:0
end_of_record
TN:
SF:src\hooks\useLocalStorage.ts
FN:3,useLocalStorage
FN:4,(anonymous_1)
FN:14,(anonymous_2)
FN:26,useLocalStorageWithDate
FN:31,(anonymous_4)
FN:36,(anonymous_5)
FN:49,(anonymous_6)
FNF:7
FNH:0
FNDA:0,useLocalStorage
FNDA:0,(anonymous_1)
FNDA:0,(anonymous_2)
FNDA:0,useLocalStorageWithDate
FNDA:0,(anonymous_4)
FNDA:0,(anonymous_5)
FNDA:0,(anonymous_6)
DA:1,0
DA:3,0
DA:4,0
DA:5,0
DA:6,0
DA:7,0
DA:9,0
DA:10,0
DA:14,0
DA:15,0
DA:16,0
DA:17,0
DA:19,0
DA:23,0
DA:26,0
DA:31,0
DA:32,0
DA:33,0
DA:34,0
DA:36,0
DA:38,0
DA:39,0
DA:41,0
DA:44,0
DA:45,0
DA:49,0
DA:50,0
DA:51,0
DA:52,0
DA:54,0
DA:58,0
LF:31
LH:0
BRDA:7,0,0,0
BRDA:7,0,1,0
BRDA:34,1,0,0
BRDA:34,1,1,0
BRDA:36,2,0,0
BRDA:36,2,1,0
BRDA:38,3,0,0
BRDA:38,3,1,0
BRDA:38,4,0,0
BRDA:38,4,1,0
BRF:10
BRH:0
end_of_record
TN:
SF:src\hooks\useRoulette.ts
FN:8,loadFromStorage
FN:12,(anonymous_8)
FN:23,saveToStorage
FN:31,useRoulette
FN:32,(anonymous_11)
FN:35,(anonymous_12)
FN:41,(anonymous_13)
FN:45,(anonymous_14)
FN:49,(anonymous_15)
FN:55,(anonymous_16)
FN:74,(anonymous_17)
FN:77,(anonymous_18)
FN:80,(anonymous_19)
FN:84,(anonymous_20)
FN:112,(anonymous_21)
FN:115,(anonymous_22)
FN:116,(anonymous_23)
FN:116,(anonymous_24)
FN:119,(anonymous_25)
FN:123,(anonymous_26)
FN:123,(anonymous_27)
FN:129,(anonymous_28)
FN:137,(anonymous_29)
FN:151,(anonymous_30)
FN:155,(anonymous_31)
FN:156,(anonymous_32)
FN:156,(anonymous_33)
FN:157,(anonymous_34)
FN:157,(anonymous_35)
FN:164,(anonymous_36)
FN:168,(anonymous_37)
FN:169,(anonymous_38)
FN:178,(anonymous_39)
FN:181,(anonymous_40)
FN:181,(anonymous_41)
FNF:35
FNH:0
FNDA:0,loadFromStorage
FNDA:0,(anonymous_8)
FNDA:0,saveToStorage
FNDA:0,useRoulette
FNDA:0,(anonymous_11)
FNDA:0,(anonymous_12)
FNDA:0,(anonymous_13)
FNDA:0,(anonymous_14)
FNDA:0,(anonymous_15)
FNDA:0,(anonymous_16)
FNDA:0,(anonymous_17)
FNDA:0,(anonymous_18)
FNDA:0,(anonymous_19)
FNDA:0,(anonymous_20)
FNDA:0,(anonymous_21)
FNDA:0,(anonymous_22)
FNDA:0,(anonymous_23)
FNDA:0,(anonymous_24)
FNDA:0,(anonymous_25)
FNDA:0,(anonymous_26)
FNDA:0,(anonymous_27)
FNDA:0,(anonymous_28)
FNDA:0,(anonymous_29)
FNDA:0,(anonymous_30)
FNDA:0,(anonymous_31)
FNDA:0,(anonymous_32)
FNDA:0,(anonymous_33)
FNDA:0,(anonymous_34)
FNDA:0,(anonymous_35)
FNDA:0,(anonymous_36)
FNDA:0,(anonymous_37)
FNDA:0,(anonymous_38)
FNDA:0,(anonymous_39)
FNDA:0,(anonymous_40)
FNDA:0,(anonymous_41)
DA:1,0
DA:3,0
DA:5,0
DA:6,0
DA:9,0
DA:10,0
DA:11,0
DA:12,0
DA:13,0
DA:14,0
DA:16,0
DA:19,0
DA:24,0
DA:25,0
DA:27,0
DA:31,0
DA:32,0
DA:33,0
DA:35,0
DA:36,0
DA:38,0
DA:39,0
DA:41,0
DA:42,0
DA:45,0
DA:46,0
DA:49,0
DA:50,0
DA:52,0
DA:55,0
DA:56,0
DA:59,0
DA:60,0
DA:61,0
DA:62,0
DA:64,0
DA:67,0
DA:74,0
DA:77,0
DA:78,0
DA:80,0
DA:81,0
DA:82,0
DA:84,0
DA:85,0
DA:86,0
DA:88,0
DA:91,0
DA:92,0
DA:93,0
DA:94,0
DA:96,0
DA:100,0
DA:102,0
DA:109,0
DA:112,0
DA:115,0
DA:116,0
DA:119,0
DA:120,0
DA:123,0
DA:124,0
DA:126,0
DA:127,0
DA:129,0
DA:131,0
DA:134,0
DA:137,0
DA:138,0
DA:139,0
DA:140,0
DA:143,0
DA:151,0
DA:155,0
DA:156,0
DA:157,0
DA:158,0
DA:164,0
DA:165,0
DA:168,0
DA:169,0
DA:171,0
DA:178,0
DA:180,0
DA:181,0
DA:182,0
DA:189,0
DA:197,0
LF:88
LH:0
BRDA:11,0,0,0
BRDA:11,0,1,0
BRDA:13,1,0,0
BRDA:13,1,1,0
BRDA:13,2,0,0
BRDA:13,2,1,0
BRDA:50,3,0,0
BRDA:50,3,1,0
BRDA:59,4,0,0
BRDA:59,4,1,0
BRDA:78,5,0,0
BRDA:78,5,1,0
BRDA:86,6,0,0
BRDA:86,6,1,0
BRDA:91,7,0,0
BRDA:91,7,1,0
BRDA:124,8,0,0
BRDA:124,8,1,0
BRDA:124,9,0,0
BRDA:124,9,1,0
BRDA:139,10,0,0
BRDA:139,10,1,0
BRDA:158,11,0,0
BRDA:158,11,1,0
BRDA:158,12,0,0
BRDA:158,12,1,0
BRDA:169,13,0,0
BRDA:169,13,1,0
BRDA:180,14,0,0
BRDA:180,14,1,0
BRDA:182,15,0,0
BRDA:182,15,1,0
BRF:32
BRH:0
end_of_record
TN:
SF:src\hooks\useTaskRoulette.ts
FN:9,loadFromStorage
FN:13,(anonymous_8)
FN:24,saveToStorage
FN:32,useTaskRoulette
FN:33,(anonymous_11)
FN:36,(anonymous_12)
FN:39,(anonymous_13)
FN:46,(anonymous_14)
FN:50,(anonymous_15)
FN:54,(anonymous_16)
FN:58,(anonymous_17)
FN:68,(anonymous_18)
FN:71,(anonymous_19)
FN:73,(anonymous_20)
FN:74,(anonymous_21)
FN:78,(anonymous_22)
FN:85,(anonymous_23)
FN:88,(anonymous_24)
FN:89,(anonymous_25)
FN:89,(anonymous_26)
FN:92,(anonymous_27)
FN:96,(anonymous_28)
FN:107,(anonymous_29)
FN:110,(anonymous_30)
FN:112,(anonymous_31)
FN:113,(anonymous_32)
FN:117,(anonymous_33)
FN:119,(anonymous_34)
FN:130,(anonymous_35)
FN:133,(anonymous_36)
FN:134,(anonymous_37)
FN:134,(anonymous_38)
FN:137,(anonymous_39)
FN:141,(anonymous_40)
FN:145,(anonymous_41)
FN:146,(anonymous_42)
FN:147,(anonymous_43)
FN:152,(anonymous_44)
FN:152,(anonymous_45)
FN:162,(anonymous_46)
FN:170,(anonymous_47)
FN:188,(anonymous_48)
FNF:42
FNH:0
FNDA:0,loadFromStorage
FNDA:0,(anonymous_8)
FNDA:0,saveToStorage
FNDA:0,useTaskRoulette
FNDA:0,(anonymous_11)
FNDA:0,(anonymous_12)
FNDA:0,(anonymous_13)
FNDA:0,(anonymous_14)
FNDA:0,(anonymous_15)
FNDA:0,(anonymous_16)
FNDA:0,(anonymous_17)
FNDA:0,(anonymous_18)
FNDA:0,(anonymous_19)
FNDA:0,(anonymous_20)
FNDA:0,(anonymous_21)
FNDA:0,(anonymous_22)
FNDA:0,(anonymous_23)
FNDA:0,(anonymous_24)
FNDA:0,(anonymous_25)
FNDA:0,(anonymous_26)
FNDA:0,(anonymous_27)
FNDA:0,(anonymous_28)
FNDA:0,(anonymous_29)
FNDA:0,(anonymous_30)
FNDA:0,(anonymous_31)
FNDA:0,(anonymous_32)
FNDA:0,(anonymous_33)
FNDA:0,(anonymous_34)
FNDA:0,(anonymous_35)
FNDA:0,(anonymous_36)
FNDA:0,(anonymous_37)
FNDA:0,(anonymous_38)
FNDA:0,(anonymous_39)
FNDA:0,(anonymous_40)
FNDA:0,(anonymous_41)
FNDA:0,(anonymous_42)
FNDA:0,(anonymous_43)
FNDA:0,(anonymous_44)
FNDA:0,(anonymous_45)
FNDA:0,(anonymous_46)
FNDA:0,(anonymous_47)
FNDA:0,(anonymous_48)
DA:1,0
DA:3,0
DA:5,0
DA:6,0
DA:7,0
DA:10,0
DA:11,0
DA:12,0
DA:13,0
DA:14,0
DA:15,0
DA:17,0
DA:20,0
DA:25,0
DA:26,0
DA:28,0
DA:32,0
DA:33,0
DA:34,0
DA:36,0
DA:37,0
DA:39,0
DA:40,0
DA:42,0
DA:43,0
DA:44,0
DA:46,0
DA:47,0
DA:50,0
DA:51,0
DA:54,0
DA:55,0
DA:58,0
DA:59,0
DA:61,0
DA:68,0
DA:71,0
DA:72,0
DA:73,0
DA:74,0
DA:76,0
DA:78,0
DA:85,0
DA:88,0
DA:89,0
DA:92,0
DA:93,0
DA:96,0
DA:97,0
DA:99,0
DA:107,0
DA:110,0
DA:111,0
DA:112,0
DA:113,0
DA:115,0
DA:117,0
DA:119,0
DA:121,0
DA:130,0
DA:133,0
DA:134,0
DA:137,0
DA:138,0
DA:141,0
DA:142,0
DA:145,0
DA:146,0
DA:147,0
DA:149,0
DA:152,0
DA:153,0
DA:155,0
DA:156,0
DA:158,0
DA:159,0
DA:160,0
DA:162,0
DA:164,0
DA:165,0
DA:167,0
DA:170,0
DA:171,0
DA:173,0
DA:174,0
DA:175,0
DA:178,0
DA:188,0
DA:192,0
DA:202,0
DA:217,0
LF:91
LH:0
BRDA:12,0,0,0
BRDA:12,0,1,0
BRDA:14,1,0,0
BRDA:14,1,1,0
BRDA:14,2,0,0
BRDA:14,2,1,0
BRDA:59,3,0,0
BRDA:59,3,1,0
BRDA:76,4,0,0
BRDA:76,4,1,0
BRDA:97,5,0,0
BRDA:97,5,1,0
BRDA:102,6,0,0
BRDA:102,6,1,0
BRDA:102,7,0,0
BRDA:102,7,1,0
BRDA:102,8,0,0
BRDA:102,8,1,0
BRDA:115,9,0,0
BRDA:115,9,1,0
BRDA:124,10,0,0
BRDA:124,10,1,0
BRDA:149,11,0,0
BRDA:149,11,1,0
BRDA:153,12,0,0
BRDA:153,12,1,0
BRDA:153,13,0,0
BRDA:153,13,1,0
BRDA:153,13,2,0
BRDA:156,14,0,0
BRDA:156,14,1,0
BRDA:165,15,0,0
BRDA:165,15,1,0
BRDA:173,16,0,0
BRDA:173,16,1,0
BRDA:173,17,0,0
BRDA:173,17,1,0
BRF:37
BRH:0
end_of_record
TN:
SF:src\hooks\useVirtualList.ts
FN:19,useVirtualList
FN:47,(anonymous_1)
FN:68,(anonymous_2)
FN:103,(anonymous_4)
FN:109,(anonymous_5)
FN:110,(anonymous_6)
FN:116,(anonymous_7)
FNF:7
FNH:0
FNDA:0,useVirtualList
FNDA:0,(anonymous_1)
FNDA:0,(anonymous_2)
FNDA:0,(anonymous_4)
FNDA:0,(anonymous_5)
FNDA:0,(anonymous_6)
FNDA:0,(anonymous_7)
DA:1,0
DA:19,0
DA:30,0
DA:31,0
DA:34,0
DA:37,0
DA:41,0
DA:47,0
DA:48,0
DA:50,0
DA:51,0
DA:64,0
DA:68,0
DA:69,0
DA:73,0
DA:82,0
DA:93,0
DA:101,0
DA:103,0
DA:104,0
DA:107,0
DA:109,0
DA:110,0
DA:111,0
DA:116,0
DA:117,0
DA:118,0
DA:122,0
LF:28
LH:0
BRDA:30,0,0,0
BRDA:95,1,0,0
BRDA:117,2,0,0
BRDA:117,2,1,0
BRF:4
BRH:0
end_of_record
TN:
SF:src\i18n\I18nContext.tsx
FN:36,I18nProvider
FN:48,(anonymous_1)
FN:53,(anonymous_2)
FN:63,(anonymous_3)
FN:77,(anonymous_4)
FN:90,(anonymous_5)
FN:91,(anonymous_6)
FN:92,(anonymous_7)
FN:93,(anonymous_8)
FN:116,useI18n
FN:129,useTranslation
FN:137,withTranslation
FN:140,(anonymous_12)
FNF:13
FNH:0
FNDA:0,I18nProvider
FNDA:0,(anonymous_1)
FNDA:0,(anonymous_2)
FNDA:0,(anonymous_3)
FNDA:0,(anonymous_4)
FNDA:0,(anonymous_5)
FNDA:0,(anonymous_6)
FNDA:0,(anonymous_7)
FNDA:0,(anonymous_8)
FNDA:0,useI18n
FNDA:0,useTranslation
FNDA:0,withTranslation
FNDA:0,(anonymous_12)
DA:1,0
DA:9,0
DA:20,0
DA:22,0
DA:29,0
DA:36,0
DA:37,0
DA:40,0
DA:45,0
DA:48,0
DA:49,0
DA:53,0
DA:54,0
DA:55,0
DA:56,0
DA:63,0
DA:64,0
DA:65,0
DA:66,0
DA:68,0
DA:71,0
DA:77,0
DA:78,0
DA:79,0
DA:85,0
DA:90,0
DA:91,0
DA:92,0
DA:93,0
DA:95,0
DA:106,0
DA:116,0
DA:117,0
DA:119,0
DA:120,0
DA:123,0
DA:129,0
DA:130,0
DA:131,0
DA:137,0
DA:140,0
DA:141,0
DA:142,0
DA:145,0
DA:147,0
LF:45
LH:0
BRDA:54,0,0,0
BRDA:54,0,1,0
BRDA:56,1,0,0
BRDA:56,1,1,0
BRDA:64,2,0,0
BRDA:64,2,1,0
BRDA:65,3,0,0
BRDA:65,3,1,0
BRDA:119,4,0,0
BRDA:119,4,1,0
BRDA:145,5,0,0
BRDA:145,5,1,0
BRF:12
BRH:0
end_of_record
TN:
SF:src\i18n\index.ts
FN:2,(anonymous_0)
FN:2,(anonymous_1)
FN:2,(anonymous_2)
FN:2,(anonymous_3)
FN:17,(anonymous_4)
FN:18,(anonymous_5)
FN:19,(anonymous_6)
FN:20,(anonymous_7)
FN:21,(anonymous_8)
FN:22,(anonymous_9)
FN:23,(anonymous_10)
FN:24,(anonymous_11)
FN:25,(anonymous_12)
FN:26,(anonymous_13)
FN:30,(anonymous_14)
FN:30,(anonymous_15)
FN:30,(anonymous_16)
FN:30,(anonymous_17)
FN:30,(anonymous_18)
FNF:19
FNH:0
FNDA:0,(anonymous_0)
FNDA:0,(anonymous_1)
FNDA:0,(anonymous_2)
FNDA:0,(anonymous_3)
FNDA:0,(anonymous_4)
FNDA:0,(anonymous_5)
FNDA:0,(anonymous_6)
FNDA:0,(anonymous_7)
FNDA:0,(anonymous_8)
FNDA:0,(anonymous_9)
FNDA:0,(anonymous_10)
FNDA:0,(anonymous_11)
FNDA:0,(anonymous_12)
FNDA:0,(anonymous_13)
FNDA:0,(anonymous_14)
FNDA:0,(anonymous_15)
FNDA:0,(anonymous_16)
FNDA:0,(anonymous_17)
FNDA:0,(anonymous_18)
DA:2,0
DA:16,0
DA:17,0
DA:18,0
DA:19,0
DA:20,0
DA:21,0
DA:22,0
DA:23,0
DA:24,0
DA:25,0
DA:26,0
DA:30,0
LF:13
LH:0
BRF:0
BRH:0
end_of_record
TN:
SF:src\i18n\utils.ts
FN:10,interpolate
FN:13,(anonymous_1)
FN:26,getTranslation
FN:55,detectUserLocale
FN:76,(anonymous_4)
FN:93,isRTLLocale
FN:108,formatDate
FN:127,formatTime
FN:145,formatDateTime
FN:166,formatNumber
FN:181,getLocaleDisplayName
FN:221,isValidLocale
FNF:12
FNH:0
FNDA:0,interpolate
FNDA:0,(anonymous_1)
FNDA:0,getTranslation
FNDA:0,detectUserLocale
FNDA:0,(anonymous_4)
FNDA:0,isRTLLocale
FNDA:0,formatDate
FNDA:0,formatTime
FNDA:0,formatDateTime
FNDA:0,formatNumber
FNDA:0,getLocaleDisplayName
FNDA:0,isValidLocale
DA:2,0
DA:10,0
DA:11,0
DA:13,0
DA:14,0
DA:15,0
DA:26,0
DA:31,0
DA:32,0
DA:35,0
DA:36,0
DA:40,0
DA:41,0
DA:45,0
DA:46,0
DA:55,0
DA:60,0
DA:61,0
DA:65,0
DA:68,0
DA:70,0
DA:71,0
DA:75,0
DA:76,0
DA:77,0
DA:80,0
DA:81,0
DA:85,0
DA:93,0
DA:94,0
DA:98,0
DA:99,0
DA:108,0
DA:109,0
DA:110,0
DA:117,0
DA:127,0
DA:128,0
DA:129,0
DA:135,0
DA:145,0
DA:146,0
DA:147,0
DA:156,0
DA:166,0
DA:167,0
DA:168,0
DA:171,0
DA:181,0
DA:185,0
DA:212,0
DA:221,0
DA:225,0
LF:53
LH:0
BRDA:11,0,0,0
BRDA:11,0,1,0
BRDA:29,1,0,0
BRDA:35,2,0,0
BRDA:35,2,1,0
BRDA:35,3,0,0
BRDA:35,3,1,0
BRDA:40,4,0,0
BRDA:40,4,1,0
BRDA:40,5,0,0
BRDA:40,5,1,0
BRDA:57,6,0,0
BRDA:60,7,0,0
BRDA:60,7,1,0
BRDA:65,8,0,0
BRDA:65,8,1,0
BRDA:70,9,0,0
BRDA:70,9,1,0
BRDA:80,10,0,0
BRDA:80,10,1,0
BRDA:183,11,0,0
BRDA:212,12,0,0
BRDA:212,12,1,0
BRDA:212,13,0,0
BRDA:212,13,1,0
BRDA:212,14,0,0
BRDA:212,14,1,0
BRF:27
BRH:0
end_of_record
TN:
SF:src\i18n\locales\en-US.ts
FNF:0
FNH:0
DA:3,0
LF:1
LH:0
BRF:0
BRH:0
end_of_record
TN:
SF:src\i18n\locales\es-ES.ts
FNF:0
FNH:0
DA:3,0
LF:1
LH:0
BRF:0
BRH:0
end_of_record
TN:
SF:src\i18n\locales\fr-FR.ts
FNF:0
FNH:0
DA:3,0
LF:1
LH:0
BRF:0
BRH:0
end_of_record
TN:
SF:src\i18n\locales\index.ts
FN:14,(anonymous_0)
FN:14,(anonymous_1)
FN:14,(anonymous_2)
FN:14,(anonymous_3)
FNF:4
FNH:0
FNDA:0,(anonymous_0)
FNDA:0,(anonymous_1)
FNDA:0,(anonymous_2)
FNDA:0,(anonymous_3)
DA:2,0
DA:3,0
DA:4,0
DA:5,0
DA:7,0
DA:14,0
LF:6
LH:0
BRF:0
BRH:0
end_of_record
TN:
SF:src\i18n\locales\pt-BR.ts
FNF:0
FNH:0
DA:3,0
LF:1
LH:0
BRF:0
BRH:0
end_of_record
TN:
SF:src\styles\GlobalStyles.ts
FN:297,(anonymous_9)
FN:298,(anonymous_10)
FNF:2
FNH:0
FNDA:0,(anonymous_9)
FNDA:0,(anonymous_10)
DA:1,0
DA:3,0
DA:267,0
DA:283,0
DA:289,0
DA:295,0
DA:297,0
DA:298,0
LF:8
LH:0
BRDA:297,0,0,0
BRDA:297,0,1,0
BRDA:298,1,0,0
BRDA:298,1,1,0
BRF:4
BRH:0
end_of_record
TN:
SF:src\utils\helpers.ts
FN:3,generateId
FN:31,getRandomColor
FN:36,getRouletteColors
FN:54,getOptimalColorSequence
FN:71,(anonymous_4)
FN:79,distributeColorsEvenly
FN:92,selectRandomParticipant
FN:99,calculateRouletteRotation
FN:131,getSegmentAtTop
FN:171,formatDate
FN:181,formatTime
FN:188,debounce
FN:193,(anonymous_12)
FN:195,(anonymous_13)
FN:199,clamp
FN:203,lerp
FN:207,easeOutCubic
FN:211,easeInOutCubic
FN:215,getContrastColor
FN:231,shuffleArray
FN:240,getGradientColors
FNF:21
FNH:0
FNDA:0,generateId
FNDA:0,getRandomColor
FNDA:0,getRouletteColors
FNDA:0,getOptimalColorSequence
FNDA:0,(anonymous_4)
FNDA:0,distributeColorsEvenly
FNDA:0,selectRandomParticipant
FNDA:0,calculateRouletteRotation
FNDA:0,getSegmentAtTop
FNDA:0,formatDate
FNDA:0,formatTime
FNDA:0,debounce
FNDA:0,(anonymous_12)
FNDA:0,(anonymous_13)
FNDA:0,clamp
FNDA:0,lerp
FNDA:0,easeOutCubic
FNDA:0,easeInOutCubic
FNDA:0,getContrastColor
FNDA:0,shuffleArray
FNDA:0,getGradientColors
DA:3,0
DA:4,0
DA:8,0
DA:31,0
DA:32,0
DA:36,0
DA:37,0
DA:40,0
DA:41,0
DA:45,0
DA:46,0
DA:47,0
DA:50,0
DA:55,0
DA:58,0
DA:70,0
DA:71,0
DA:75,0
DA:80,0
DA:81,0
DA:82,0
DA:84,0
DA:85,0
DA:86,0
DA:89,0
DA:92,0
DA:93,0
DA:95,0
DA:96,0
DA:99,0
DA:105,0
DA:108,0
DA:112,0
DA:115,0
DA:118,0
DA:119,0
DA:122,0
DA:123,0
DA:126,0
DA:128,0
DA:131,0
DA:132,0
DA:135,0
DA:137,0
DA:143,0
DA:144,0
DA:146,0
DA:148,0
DA:151,0
DA:154,0
DA:155,0
DA:158,0
DA:159,0
DA:162,0
DA:163,0
DA:164,0
DA:168,0
DA:171,0
DA:172,0
DA:181,0
DA:182,0
DA:188,0
DA:193,0
DA:194,0
DA:195,0
DA:199,0
DA:200,0
DA:203,0
DA:204,0
DA:207,0
DA:208,0
DA:211,0
DA:212,0
DA:215,0
DA:217,0
DA:220,0
DA:221,0
DA:222,0
DA:225,0
DA:228,0
DA:231,0
DA:232,0
DA:233,0
DA:234,0
DA:235,0
DA:237,0
DA:240,0
DA:241,0
DA:254,0
DA:255,0
DA:256,0
DA:258,0
LF:92
LH:0
BRDA:37,0,0,0
BRDA:37,0,1,0
BRDA:40,1,0,0
BRDA:40,1,1,0
BRDA:55,2,0,0
BRDA:55,2,1,0
BRDA:70,3,0,0
BRDA:70,3,1,0
BRDA:93,4,0,0
BRDA:93,4,1,0
BRDA:102,5,0,0
BRDA:103,6,0,0
BRDA:105,7,0,0
BRDA:105,7,1,0
BRDA:122,8,0,0
BRDA:122,8,1,0
BRDA:123,9,0,0
BRDA:123,9,1,0
BRDA:132,10,0,0
BRDA:132,10,1,0
BRDA:158,11,0,0
BRDA:158,11,1,0
BRDA:162,12,0,0
BRDA:162,12,1,0
BRDA:212,13,0,0
BRDA:212,13,1,0
BRDA:228,14,0,0
BRDA:228,14,1,0
BRF:28
BRH:0
end_of_record
TN:
SF:src\utils\specialResults.ts
FN:24,generateSpecialResult
FNF:1
FNH:0
FNDA:0,generateSpecialResult
DA:8,0
DA:16,0
DA:24,0
DA:25,0
DA:26,0
DA:27,0
DA:29,0
LF:7
LH:0
BRDA:26,0,0,0
BRDA:26,0,1,0
BRF:2
BRH:0
end_of_record
TN:
SF:src\utils\taskExportHelpers.ts
FN:11,generateTaskCSV
FN:19,(anonymous_1)
FN:31,downloadTaskCSV
FN:50,generateTaskJSON
FN:51,(anonymous_4)
FN:66,downloadTaskJSON
FN:81,formatDateForCSV
FN:89,formatTimeForCSV
FN:96,formatDateForExport
FN:104,formatTimeForExport
FN:111,exportTaskHistory
FN:130,getTaskHistoryStats
FN:134,(anonymous_12)
FN:145,(anonymous_13)
FN:146,(anonymous_14)
FNF:15
FNH:0
FNDA:0,generateTaskCSV
FNDA:0,(anonymous_1)
FNDA:0,downloadTaskCSV
FNDA:0,generateTaskJSON
FNDA:0,(anonymous_4)
FNDA:0,downloadTaskJSON
FNDA:0,formatDateForCSV
FNDA:0,formatTimeForCSV
FNDA:0,formatDateForExport
FNDA:0,formatTimeForExport
FNDA:0,exportTaskHistory
FNDA:0,getTaskHistoryStats
FNDA:0,(anonymous_12)
FNDA:0,(anonymous_13)
FNDA:0,(anonymous_14)
DA:11,0
DA:12,0
DA:13,0
DA:16,0
DA:17,0
DA:19,0
DA:28,0
DA:31,0
DA:33,0
DA:34,0
DA:36,0
DA:37,0
DA:38,0
DA:39,0
DA:42,0
DA:43,0
DA:44,0
DA:47,0
DA:50,0
DA:51,0
DA:59,0
DA:66,0
DA:67,0
DA:69,0
DA:70,0
DA:71,0
DA:72,0
DA:74,0
DA:75,0
DA:76,0
DA:78,0
DA:82,0
DA:83,0
DA:84,0
DA:86,0
DA:90,0
DA:91,0
DA:93,0
DA:97,0
DA:105,0
DA:111,0
DA:112,0
DA:113,0
DA:114,0
DA:117,0
DA:118,0
DA:120,0
DA:121,0
DA:122,0
DA:124,0
DA:125,0
DA:130,0
DA:131,0
DA:132,0
DA:134,0
DA:135,0
DA:136,0
DA:139,0
DA:145,0
DA:146,0
LF:60
LH:0
BRDA:12,0,0,0
BRDA:12,0,1,0
BRDA:24,1,0,0
BRDA:24,1,1,0
BRDA:31,2,0,0
BRDA:66,3,0,0
BRDA:111,4,0,0
BRDA:112,5,0,0
BRDA:112,5,1,0
BRDA:120,6,0,0
BRDA:120,6,1,0
BRDA:135,7,0,0
BRDA:135,7,1,0
BRDA:136,8,0,0
BRDA:136,8,1,0
BRDA:145,9,0,0
BRDA:145,9,1,0
BRDA:146,10,0,0
BRDA:146,10,1,0
BRF:19
BRH:0
end_of_record
